INFO - Train starts at: 2024-06-28 14:07:57
INFO - Seed: 783
INFO - Train Machine: ['valve']
INFO - Test Machine: ['valve']
INFO - ============== TRAIN CONFIG SUMMARY ==============
INFO - feat: [fft_num: 2048] [mel_bin: 128] [frame_hop: 512] [graph_hop_f: 1] 
INFO - set: [dataset: deval] 
INFO - net: [act: ['leakyrelu', 'relu']] [normalize: {'d': 'ln', 'g': 'bn'}] [nz: 256] [ndf: 32] [ngf: 32] 
INFO - train: [lrD: 0.0002] [lrG: 0.0002] [beta1: 0.5] [batch_size: 512] [epoch: 75] 
INFO - wgan: [feat_match_eff: 0.05] [match_item: {'mu': 1}] [ncritic: 1] [lambda_gp: 10] 
INFO - ============== MODEL TRAINING ==============
INFO - --------------------------------------------------------------------------------------------------------------
INFO - epoch 0: [recon: 4.6119e-03] [d2g: 6.5347e-04] [gloss: 4.6445e-03] [best: 0.5774] [time: 3554s]
INFO - valve: [AUC: 0.6219] [pAUC: 0.5330] [aver: 0.5774] [metric: G_z_cos_min] 
INFO - --------------------------------------------------------------------------------------------------------------
INFO - epoch 1: [recon: 3.2329e-03] [d2g: 9.3471e-04] [gloss: 3.2796e-03] [best: 0.6456] [time: 3544s]
INFO - valve: [AUC: 0.7300] [pAUC: 0.5611] [aver: 0.6456] [metric: G_z_cos_min] 
INFO - --------------------------------------------------------------------------------------------------------------
INFO - epoch 2: [recon: 3.0360e-03] [d2g: 1.1943e-03] [gloss: 3.0957e-03] [best: 0.6456] [time: 3566s]
INFO - valve: [AUC: 0.7033] [pAUC: 0.5427] [aver: 0.6230] [metric: G_z_cos_min] 
INFO - --------------------------------------------------------------------------------------------------------------
INFO - epoch 3: [recon: 2.9397e-03] [d2g: 1.4245e-03] [gloss: 3.0109e-03] [best: 0.6528] [time: 3613s]
INFO - valve: [AUC: 0.7526] [pAUC: 0.5531] [aver: 0.6528] [metric: G_z_cos_min] 
INFO - --------------------------------------------------------------------------------------------------------------
INFO - epoch 4: [recon: 2.8815e-03] [d2g: 1.6315e-03] [gloss: 2.9630e-03] [best: 0.6528] [time: 3538s]
INFO - valve: [AUC: 0.7210] [pAUC: 0.5622] [aver: 0.6416] [metric: G_z_cos_min] 
INFO - --------------------------------------------------------------------------------------------------------------
INFO - epoch 5: [recon: 2.8416e-03] [d2g: 2.0579e-03] [gloss: 2.9445e-03] [best: 0.6744] [time: 3553s]
INFO - valve: [AUC: 0.7633] [pAUC: 0.5855] [aver: 0.6744] [metric: G_z_cos_min] 
INFO - --------------------------------------------------------------------------------------------------------------
INFO - epoch 6: [recon: 2.8113e-03] [d2g: 2.2429e-03] [gloss: 2.9234e-03] [best: 0.6978] [time: 3608s]
INFO - valve: [AUC: 0.7958] [pAUC: 0.5999] [aver: 0.6978] [metric: G_z_cos_min] 
INFO - --------------------------------------------------------------------------------------------------------------
INFO - epoch 7: [recon: 2.7879e-03] [d2g: 2.3930e-03] [gloss: 2.9076e-03] [best: 0.6978] [time: 3581s]
INFO - valve: [AUC: 0.7945] [pAUC: 0.5893] [aver: 0.6919] [metric: G_z_cos_min] 
INFO - --------------------------------------------------------------------------------------------------------------
INFO - epoch 8: [recon: 2.7698e-03] [d2g: 2.3315e-03] [gloss: 2.8864e-03] [best: 0.6978] [time: 3587s]
INFO - valve: [AUC: 0.8048] [pAUC: 0.5844] [aver: 0.6946] [metric: G_z_cos_min] 
INFO - --------------------------------------------------------------------------------------------------------------
INFO - epoch 9: [recon: 2.7537e-03] [d2g: 2.4964e-03] [gloss: 2.8785e-03] [best: 0.7367] [time: 3587s]
INFO - valve: [AUC: 0.8340] [pAUC: 0.6393] [aver: 0.7367] [metric: G_z_cos_min] 
INFO - --------------------------------------------------------------------------------------------------------------
INFO - epoch 10: [recon: 2.7404e-03] [d2g: 2.5589e-03] [gloss: 2.8684e-03] [best: 0.7367] [time: 3546s]
INFO - valve: [AUC: 0.7893] [pAUC: 0.5539] [aver: 0.6716] [metric: G_x_2_max] 
INFO - --------------------------------------------------------------------------------------------------------------
INFO - epoch 11: [recon: 2.7298e-03] [d2g: 2.4460e-03] [gloss: 2.8521e-03] [best: 0.7367] [time: 3540s]
INFO - valve: [AUC: 0.8094] [pAUC: 0.5776] [aver: 0.6935] [metric: G_z_cos_min] 
INFO - --------------------------------------------------------------------------------------------------------------
INFO - epoch 12: [recon: 2.7198e-03] [d2g: 2.8728e-03] [gloss: 2.8634e-03] [best: 0.7367] [time: 3601s]
INFO - valve: [AUC: 0.8156] [pAUC: 0.5847] [aver: 0.7002] [metric: G_z_cos_min] 
INFO - --------------------------------------------------------------------------------------------------------------
INFO - epoch 13: [recon: 2.7124e-03] [d2g: 3.1423e-03] [gloss: 2.8695e-03] [best: 0.7367] [time: 3598s]
INFO - valve: [AUC: 0.8111] [pAUC: 0.6002] [aver: 0.7056] [metric: G_z_cos_min] 
INFO - --------------------------------------------------------------------------------------------------------------
INFO - epoch 14: [recon: 2.7057e-03] [d2g: 3.4874e-03] [gloss: 2.8800e-03] [best: 0.7367] [time: 3558s]
INFO - valve: [AUC: 0.8004] [pAUC: 0.5856] [aver: 0.6930] [metric: G_z_cos_min] 
INFO - --------------------------------------------------------------------------------------------------------------
INFO - epoch 15: [recon: 2.6988e-03] [d2g: 3.5817e-03] [gloss: 2.8779e-03] [best: 0.7367] [time: 3590s]
INFO - valve: [AUC: 0.8087] [pAUC: 0.5579] [aver: 0.6833] [metric: G_x_2_max] 
INFO - --------------------------------------------------------------------------------------------------------------
INFO - epoch 16: [recon: 2.6935e-03] [d2g: 3.7329e-03] [gloss: 2.8801e-03] [best: 0.7367] [time: 3546s]
INFO - valve: [AUC: 0.8254] [pAUC: 0.5785] [aver: 0.7019] [metric: G_z_cos_min] 
INFO - --------------------------------------------------------------------------------------------------------------
INFO - epoch 17: [recon: 2.6915e-03] [d2g: 4.7158e-03] [gloss: 2.9273e-03] [best: 0.7367] [time: 3630s]
INFO - valve: [AUC: 0.8114] [pAUC: 0.5633] [aver: 0.6873] [metric: G_x_2_max] 
INFO - --------------------------------------------------------------------------------------------------------------
INFO - epoch 18: [recon: 2.6890e-03] [d2g: 5.1506e-03] [gloss: 2.9465e-03] [best: 0.7367] [time: 3593s]
INFO - valve: [AUC: 0.8114] [pAUC: 0.5636] [aver: 0.6875] [metric: G_x_2_max] 
INFO - --------------------------------------------------------------------------------------------------------------
INFO - epoch 19: [recon: 2.6871e-03] [d2g: 5.3864e-03] [gloss: 2.9564e-03] [best: 0.7367] [time: 3544s]
INFO - valve: [AUC: 0.8140] [pAUC: 0.5667] [aver: 0.6903] [metric: G_x_2_max] 
INFO - --------------------------------------------------------------------------------------------------------------
INFO - epoch 20: [recon: 2.6935e-03] [d2g: 6.0420e-03] [gloss: 2.9956e-03] [best: 0.7367] [time: 3561s]
INFO - valve: [AUC: 0.7874] [pAUC: 0.5886] [aver: 0.6880] [metric: G_z_cos_min] 
INFO - --------------------------------------------------------------------------------------------------------------
INFO - epoch 21: [recon: 2.6932e-03] [d2g: 5.8041e-03] [gloss: 2.9834e-03] [best: 0.7367] [time: 3581s]
INFO - valve: [AUC: 0.8249] [pAUC: 0.5695] [aver: 0.6972] [metric: G_x_2_max] 
INFO - --------------------------------------------------------------------------------------------------------------
INFO - epoch 22: [recon: 2.6891e-03] [d2g: 4.9916e-03] [gloss: 2.9387e-03] [best: 0.7367] [time: 3561s]
INFO - valve: [AUC: 0.8219] [pAUC: 0.5685] [aver: 0.6952] [metric: G_x_2_max] 
INFO - --------------------------------------------------------------------------------------------------------------
INFO - epoch 23: [recon: 2.6717e-03] [d2g: 3.9171e-03] [gloss: 2.8676e-03] [best: 0.7367] [time: 3594s]
INFO - valve: [AUC: 0.8211] [pAUC: 0.5665] [aver: 0.6938] [metric: G_x_2_max] 
INFO - --------------------------------------------------------------------------------------------------------------
INFO - epoch 24: [recon: 2.6740e-03] [d2g: 3.9768e-03] [gloss: 2.8728e-03] [best: 0.7367] [time: 3647s]
INFO - valve: [AUC: 0.8231] [pAUC: 0.5674] [aver: 0.6953] [metric: G_x_2_max] 
INFO - --------------------------------------------------------------------------------------------------------------
INFO - epoch 25: [recon: 2.6756e-03] [d2g: 4.0044e-03] [gloss: 2.8758e-03] [best: 0.7367] [time: 3588s]
INFO - valve: [AUC: 0.8245] [pAUC: 0.5668] [aver: 0.6956] [metric: G_x_2_max] 
INFO - --------------------------------------------------------------------------------------------------------------
INFO - epoch 26: [recon: 2.6706e-03] [d2g: 3.9684e-03] [gloss: 2.8690e-03] [best: 0.7367] [time: 3630s]
INFO - valve: [AUC: 0.8240] [pAUC: 0.5668] [aver: 0.6954] [metric: G_x_2_max] 
INFO - --------------------------------------------------------------------------------------------------------------
INFO - epoch 27: [recon: 2.6623e-03] [d2g: 3.8710e-03] [gloss: 2.8559e-03] [best: 0.7367] [time: 3557s]
INFO - valve: [AUC: 0.8257] [pAUC: 0.5655] [aver: 0.6956] [metric: G_x_2_max] 
INFO - --------------------------------------------------------------------------------------------------------------
INFO - epoch 28: [recon: 2.6559e-03] [d2g: 3.7906e-03] [gloss: 2.8454e-03] [best: 0.7367] [time: 3580s]
INFO - valve: [AUC: 0.8279] [pAUC: 0.5666] [aver: 0.6972] [metric: G_x_2_max] 
INFO - --------------------------------------------------------------------------------------------------------------
INFO - epoch 29: [recon: 2.6605e-03] [d2g: 4.1884e-03] [gloss: 2.8699e-03] [best: 0.7367] [time: 3546s]
INFO - valve: [AUC: 0.8325] [pAUC: 0.5723] [aver: 0.7024] [metric: G_x_2_max] 
INFO - --------------------------------------------------------------------------------------------------------------
INFO - epoch 30: [recon: 2.6560e-03] [d2g: 4.2904e-03] [gloss: 2.8705e-03] [best: 0.7367] [time: 3559s]
INFO - valve: [AUC: 0.8309] [pAUC: 0.5676] [aver: 0.6993] [metric: G_x_2_max] 
INFO - --------------------------------------------------------------------------------------------------------------
INFO - epoch 31: [recon: 2.6517e-03] [d2g: 4.0674e-03] [gloss: 2.8551e-03] [best: 0.7367] [time: 3587s]
INFO - valve: [AUC: 0.8369] [pAUC: 0.5696] [aver: 0.7032] [metric: G_x_2_max] 
INFO - --------------------------------------------------------------------------------------------------------------
INFO - epoch 32: [recon: 2.6537e-03] [d2g: 4.3264e-03] [gloss: 2.8700e-03] [best: 0.7367] [time: 3590s]
INFO - valve: [AUC: 0.8322] [pAUC: 0.5630] [aver: 0.6976] [metric: G_x_2_max] 
INFO - --------------------------------------------------------------------------------------------------------------
INFO - epoch 33: [recon: 2.6464e-03] [d2g: 3.8714e-03] [gloss: 2.8400e-03] [best: 0.7367] [time: 3561s]
INFO - valve: [AUC: 0.8353] [pAUC: 0.5696] [aver: 0.7025] [metric: G_x_2_max] 
INFO - --------------------------------------------------------------------------------------------------------------
INFO - epoch 34: [recon: 2.6423e-03] [d2g: 3.8445e-03] [gloss: 2.8346e-03] [best: 0.7367] [time: 3620s]
INFO - valve: [AUC: 0.8356] [pAUC: 0.5680] [aver: 0.7018] [metric: G_x_2_max] 
INFO - --------------------------------------------------------------------------------------------------------------
INFO - epoch 35: [recon: 2.6412e-03] [d2g: 3.9517e-03] [gloss: 2.8387e-03] [best: 0.7367] [time: 3660s]
INFO - valve: [AUC: 0.8375] [pAUC: 0.5702] [aver: 0.7039] [metric: G_x_2_max] 
INFO - --------------------------------------------------------------------------------------------------------------
INFO - epoch 36: [recon: 2.6393e-03] [d2g: 3.9254e-03] [gloss: 2.8356e-03] [best: 0.7367] [time: 3748s]
INFO - valve: [AUC: 0.8341] [pAUC: 0.5736] [aver: 0.7038] [metric: G_x_2_max] 
INFO - --------------------------------------------------------------------------------------------------------------
INFO - epoch 37: [recon: 2.6391e-03] [d2g: 3.9814e-03] [gloss: 2.8381e-03] [best: 0.7367] [time: 3537s]
INFO - valve: [AUC: 0.8417] [pAUC: 0.5665] [aver: 0.7041] [metric: G_x_2_max] 
INFO - --------------------------------------------------------------------------------------------------------------
INFO - epoch 38: [recon: 2.6447e-03] [d2g: 4.2042e-03] [gloss: 2.8549e-03] [best: 0.7367] [time: 3514s]
INFO - valve: [AUC: 0.8451] [pAUC: 0.5728] [aver: 0.7090] [metric: G_x_2_max] 
INFO - --------------------------------------------------------------------------------------------------------------
INFO - epoch 39: [recon: 2.6470e-03] [d2g: 4.4299e-03] [gloss: 2.8685e-03] [best: 0.7367] [time: 3478s]
INFO - valve: [AUC: 0.8429] [pAUC: 0.5727] [aver: 0.7078] [metric: G_x_2_max] 
INFO - --------------------------------------------------------------------------------------------------------------
INFO - epoch 40: [recon: 2.6386e-03] [d2g: 4.1338e-03] [gloss: 2.8453e-03] [best: 0.7367] [time: 3446s]
INFO - valve: [AUC: 0.8439] [pAUC: 0.5671] [aver: 0.7055] [metric: G_x_2_max] 
INFO - --------------------------------------------------------------------------------------------------------------
INFO - epoch 41: [recon: 2.6362e-03] [d2g: 4.0407e-03] [gloss: 2.8383e-03] [best: 0.7367] [time: 3431s]
INFO - valve: [AUC: 0.8419] [pAUC: 0.5678] [aver: 0.7049] [metric: G_x_2_max] 
INFO - --------------------------------------------------------------------------------------------------------------
INFO - epoch 42: [recon: 2.6324e-03] [d2g: 3.8655e-03] [gloss: 2.8256e-03] [best: 0.7367] [time: 3436s]
INFO - valve: [AUC: 0.8452] [pAUC: 0.5689] [aver: 0.7070] [metric: G_x_2_max] 
INFO - --------------------------------------------------------------------------------------------------------------
INFO - epoch 43: [recon: 2.6293e-03] [d2g: 3.7828e-03] [gloss: 2.8185e-03] [best: 0.7367] [time: 3502s]
INFO - valve: [AUC: 0.8449] [pAUC: 0.5684] [aver: 0.7067] [metric: G_x_2_max] 
INFO - --------------------------------------------------------------------------------------------------------------
INFO - epoch 44: [recon: 2.6278e-03] [d2g: 3.7459e-03] [gloss: 2.8150e-03] [best: 0.7367] [time: 3484s]
INFO - valve: [AUC: 0.8465] [pAUC: 0.5705] [aver: 0.7085] [metric: G_x_2_max] 
INFO - --------------------------------------------------------------------------------------------------------------
INFO - epoch 45: [recon: 2.6258e-03] [d2g: 3.6623e-03] [gloss: 2.8089e-03] [best: 0.7367] [time: 3598s]
INFO - valve: [AUC: 0.8471] [pAUC: 0.5693] [aver: 0.7082] [metric: G_x_2_max] 
INFO - --------------------------------------------------------------------------------------------------------------
INFO - epoch 46: [recon: 2.6223e-03] [d2g: 3.5735e-03] [gloss: 2.8010e-03] [best: 0.7367] [time: 3762s]
INFO - valve: [AUC: 0.8490] [pAUC: 0.5718] [aver: 0.7104] [metric: G_x_2_max] 
INFO - --------------------------------------------------------------------------------------------------------------
INFO - epoch 47: [recon: 2.6203e-03] [d2g: 3.5991e-03] [gloss: 2.8003e-03] [best: 0.7367] [time: 3804s]
INFO - valve: [AUC: 0.8240] [pAUC: 0.5900] [aver: 0.7070] [metric: G_x_2_sum] 
INFO - --------------------------------------------------------------------------------------------------------------
INFO - epoch 48: [recon: 2.6179e-03] [d2g: 3.4633e-03] [gloss: 2.7911e-03] [best: 0.7367] [time: 3707s]
INFO - valve: [AUC: 0.8481] [pAUC: 0.5696] [aver: 0.7089] [metric: G_x_2_max] 
INFO - --------------------------------------------------------------------------------------------------------------
INFO - epoch 49: [recon: 2.6149e-03] [d2g: 3.4491e-03] [gloss: 2.7874e-03] [best: 0.7367] [time: 3539s]
INFO - valve: [AUC: 0.8457] [pAUC: 0.5677] [aver: 0.7067] [metric: G_x_2_max] 
INFO - --------------------------------------------------------------------------------------------------------------
INFO - epoch 50: [recon: 2.6135e-03] [d2g: 3.4282e-03] [gloss: 2.7849e-03] [best: 0.7367] [time: 3617s]
INFO - valve: [AUC: 0.8434] [pAUC: 0.5663] [aver: 0.7049] [metric: G_x_2_max] 
INFO - --------------------------------------------------------------------------------------------------------------
INFO - epoch 51: [recon: 2.6109e-03] [d2g: 3.4030e-03] [gloss: 2.7811e-03] [best: 0.7367] [time: 3633s]
INFO - valve: [AUC: 0.8467] [pAUC: 0.5690] [aver: 0.7078] [metric: G_x_2_max] 
INFO - --------------------------------------------------------------------------------------------------------------
INFO - epoch 52: [recon: 2.6088e-03] [d2g: 3.4089e-03] [gloss: 2.7792e-03] [best: 0.7367] [time: 3652s]
INFO - valve: [AUC: 0.8471] [pAUC: 0.5691] [aver: 0.7081] [metric: G_x_2_max] 
INFO - --------------------------------------------------------------------------------------------------------------
INFO - epoch 53: [recon: 2.6079e-03] [d2g: 3.4339e-03] [gloss: 2.7796e-03] [best: 0.7367] [time: 3635s]
INFO - valve: [AUC: 0.8465] [pAUC: 0.5708] [aver: 0.7087] [metric: G_x_2_max] 
INFO - --------------------------------------------------------------------------------------------------------------
INFO - epoch 54: [recon: 2.6095e-03] [d2g: 3.5316e-03] [gloss: 2.7861e-03] [best: 0.7367] [time: 3576s]
INFO - valve: [AUC: 0.8457] [pAUC: 0.5674] [aver: 0.7066] [metric: G_x_2_max] 
INFO - --------------------------------------------------------------------------------------------------------------
INFO - epoch 55: [recon: 2.6066e-03] [d2g: 3.4248e-03] [gloss: 2.7778e-03] [best: 0.7367] [time: 3483s]
INFO - valve: [AUC: 0.8294] [pAUC: 0.5912] [aver: 0.7103] [metric: G_x_2_sum] 
INFO - --------------------------------------------------------------------------------------------------------------
INFO - epoch 56: [recon: 2.6058e-03] [d2g: 3.4660e-03] [gloss: 2.7791e-03] [best: 0.7367] [time: 3515s]
INFO - valve: [AUC: 0.8468] [pAUC: 0.5688] [aver: 0.7078] [metric: G_x_2_max] 
INFO - --------------------------------------------------------------------------------------------------------------
INFO - epoch 57: [recon: 2.6041e-03] [d2g: 3.4542e-03] [gloss: 2.7768e-03] [best: 0.7367] [time: 3486s]
INFO - valve: [AUC: 0.8471] [pAUC: 0.5667] [aver: 0.7069] [metric: G_x_2_max] 
INFO - --------------------------------------------------------------------------------------------------------------
INFO - epoch 58: [recon: 2.6044e-03] [d2g: 3.4691e-03] [gloss: 2.7778e-03] [best: 0.7367] [time: 3535s]
INFO - valve: [AUC: 0.8444] [pAUC: 0.5673] [aver: 0.7059] [metric: G_x_2_max] 
INFO - --------------------------------------------------------------------------------------------------------------
INFO - epoch 59: [recon: 2.6040e-03] [d2g: 3.4603e-03] [gloss: 2.7770e-03] [best: 0.7367] [time: 3535s]
INFO - valve: [AUC: 0.8447] [pAUC: 0.5655] [aver: 0.7051] [metric: G_x_2_max] 
INFO - --------------------------------------------------------------------------------------------------------------
INFO - epoch 60: [recon: 2.6042e-03] [d2g: 3.6080e-03] [gloss: 2.7846e-03] [best: 0.7367] [time: 3543s]
INFO - valve: [AUC: 0.8479] [pAUC: 0.5670] [aver: 0.7074] [metric: G_x_2_max] 
INFO - --------------------------------------------------------------------------------------------------------------
INFO - epoch 61: [recon: 2.6015e-03] [d2g: 3.3758e-03] [gloss: 2.7702e-03] [best: 0.7367] [time: 3577s]
INFO - valve: [AUC: 0.8512] [pAUC: 0.5718] [aver: 0.7115] [metric: G_x_2_max] 
INFO - --------------------------------------------------------------------------------------------------------------
INFO - epoch 62: [recon: 2.6051e-03] [d2g: 3.8946e-03] [gloss: 2.7999e-03] [best: 0.7367] [time: 3520s]
INFO - valve: [AUC: 0.8451] [pAUC: 0.5673] [aver: 0.7062] [metric: G_x_2_max] 
INFO - --------------------------------------------------------------------------------------------------------------
INFO - epoch 63: [recon: 2.5977e-03] [d2g: 3.4795e-03] [gloss: 2.7717e-03] [best: 0.7367] [time: 3480s]
INFO - valve: [AUC: 0.8471] [pAUC: 0.5685] [aver: 0.7078] [metric: G_x_2_max] 
INFO - --------------------------------------------------------------------------------------------------------------
INFO - epoch 64: [recon: 2.5963e-03] [d2g: 3.3641e-03] [gloss: 2.7645e-03] [best: 0.7367] [time: 3484s]
INFO - valve: [AUC: 0.8471] [pAUC: 0.5685] [aver: 0.7078] [metric: G_x_2_max] 
INFO - --------------------------------------------------------------------------------------------------------------
INFO - epoch 65: [recon: 2.5954e-03] [d2g: 3.4047e-03] [gloss: 2.7657e-03] [best: 0.7367] [time: 3486s]
INFO - valve: [AUC: 0.8496] [pAUC: 0.5694] [aver: 0.7095] [metric: G_x_2_max] 
INFO - --------------------------------------------------------------------------------------------------------------
INFO - epoch 66: [recon: 2.5959e-03] [d2g: 3.4306e-03] [gloss: 2.7674e-03] [best: 0.7367] [time: 3513s]
INFO - valve: [AUC: 0.8480] [pAUC: 0.5703] [aver: 0.7092] [metric: G_x_2_max] 
INFO - --------------------------------------------------------------------------------------------------------------
INFO - epoch 67: [recon: 2.5948e-03] [d2g: 3.4661e-03] [gloss: 2.7681e-03] [best: 0.7367] [time: 3501s]
INFO - valve: [AUC: 0.8487] [pAUC: 0.5716] [aver: 0.7101] [metric: G_x_2_max] 
INFO - --------------------------------------------------------------------------------------------------------------
INFO - epoch 68: [recon: 2.5944e-03] [d2g: 3.5095e-03] [gloss: 2.7699e-03] [best: 0.7367] [time: 3502s]
INFO - valve: [AUC: 0.8271] [pAUC: 0.5895] [aver: 0.7083] [metric: G_x_2_sum] 
INFO - --------------------------------------------------------------------------------------------------------------
INFO - epoch 69: [recon: 2.5940e-03] [d2g: 3.5650e-03] [gloss: 2.7723e-03] [best: 0.7367] [time: 3490s]
INFO - valve: [AUC: 0.8499] [pAUC: 0.5706] [aver: 0.7102] [metric: G_x_2_max] 
INFO - --------------------------------------------------------------------------------------------------------------
INFO - epoch 70: [recon: 2.5949e-03] [d2g: 3.6089e-03] [gloss: 2.7754e-03] [best: 0.7367] [time: 3438s]
INFO - valve: [AUC: 0.8503] [pAUC: 0.5705] [aver: 0.7104] [metric: G_x_2_max] 
INFO - --------------------------------------------------------------------------------------------------------------
INFO - epoch 71: [recon: 2.5951e-03] [d2g: 3.6780e-03] [gloss: 2.7790e-03] [best: 0.7367] [time: 3529s]
INFO - valve: [AUC: 0.8519] [pAUC: 0.5690] [aver: 0.7104] [metric: G_x_2_max] 
INFO - --------------------------------------------------------------------------------------------------------------
INFO - epoch 72: [recon: 2.5952e-03] [d2g: 3.7394e-03] [gloss: 2.7822e-03] [best: 0.7367] [time: 3589s]
INFO - valve: [AUC: 0.8275] [pAUC: 0.5923] [aver: 0.7099] [metric: G_x_2_sum] 
INFO - --------------------------------------------------------------------------------------------------------------
INFO - epoch 73: [recon: 2.5960e-03] [d2g: 3.7822e-03] [gloss: 2.7851e-03] [best: 0.7367] [time: 3434s]
INFO - valve: [AUC: 0.8289] [pAUC: 0.5912] [aver: 0.7101] [metric: G_x_2_sum] 
INFO - --------------------------------------------------------------------------------------------------------------
INFO - epoch 74: [recon: 2.5954e-03] [d2g: 3.8530e-03] [gloss: 2.7881e-03] [best: 0.7367] [time: 3432s]
INFO - valve: [AUC: 0.8294] [pAUC: 0.5939] [aver: 0.7116] [metric: G_x_2_sum] 
