INFO - Train starts at: 2024-06-28 14:07:07
INFO - Seed: 783
INFO - Train Machine: ['ToyConveyor']
INFO - Test Machine: ['ToyConveyor']
INFO - ============== TRAIN CONFIG SUMMARY ==============
INFO - feat: [fft_num: 2048] [mel_bin: 128] [frame_hop: 512] [graph_hop_f: 1] 
INFO - set: [dataset: deval] 
INFO - net: [act: ['leakyrelu', 'relu']] [normalize: {'d': 'ln', 'g': 'ln'}] [nz: 256] [ndf: 32] [ngf: 32] 
INFO - train: [lrD: 0.0002] [lrG: 0.0002] [beta1: 0.5] [batch_size: 512] [epoch: 75] 
INFO - wgan: [feat_match_eff: 0.05] [match_item: {'mu': 1}] [ncritic: 1] [lambda_gp: 10] 
INFO - ============== MODEL TRAINING ==============
INFO - --------------------------------------------------------------------------------------------------------------
INFO - epoch 0: [recon: 4.1563e-03] [d2g: 1.4655e-03] [gloss: 4.2296e-03] [best: 0.5865] [time: 3857s]
INFO - ToyConveyor: [AUC: 0.6491] [pAUC: 0.5239] [aver: 0.5865] [metric: G_x_2_min] 
INFO - --------------------------------------------------------------------------------------------------------------
INFO - epoch 1: [recon: 2.7720e-03] [d2g: 2.0611e-03] [gloss: 2.8750e-03] [best: 0.6050] [time: 3837s]
INFO - ToyConveyor: [AUC: 0.6481] [pAUC: 0.5619] [aver: 0.6050] [metric: G_z_cos_sum] 
INFO - --------------------------------------------------------------------------------------------------------------
INFO - epoch 2: [recon: 2.6041e-03] [d2g: 2.7568e-03] [gloss: 2.7419e-03] [best: 0.6192] [time: 3818s]
INFO - ToyConveyor: [AUC: 0.6623] [pAUC: 0.5762] [aver: 0.6192] [metric: G_z_cos_max] 
INFO - --------------------------------------------------------------------------------------------------------------
INFO - epoch 3: [recon: 2.4082e-03] [d2g: 3.2267e-03] [gloss: 2.5695e-03] [best: 0.6192] [time: 3825s]
INFO - ToyConveyor: [AUC: 0.6847] [pAUC: 0.5522] [aver: 0.6184] [metric: G_x_2_min] 
INFO - --------------------------------------------------------------------------------------------------------------
INFO - epoch 4: [recon: 2.3235e-03] [d2g: 3.4903e-03] [gloss: 2.4980e-03] [best: 0.6192] [time: 3855s]
INFO - ToyConveyor: [AUC: 0.6612] [pAUC: 0.5651] [aver: 0.6131] [metric: G_z_cos_min] 
INFO - --------------------------------------------------------------------------------------------------------------
INFO - epoch 5: [recon: 2.3547e-03] [d2g: 3.7222e-03] [gloss: 2.5408e-03] [best: 0.6329] [time: 3820s]
INFO - ToyConveyor: [AUC: 0.7030] [pAUC: 0.5627] [aver: 0.6329] [metric: G_x_2_min] 
INFO - --------------------------------------------------------------------------------------------------------------
INFO - epoch 6: [recon: 2.2580e-03] [d2g: 3.8804e-03] [gloss: 2.4521e-03] [best: 0.6329] [time: 3812s]
INFO - ToyConveyor: [AUC: 0.6883] [pAUC: 0.5525] [aver: 0.6204] [metric: G_x_2_min] 
INFO - --------------------------------------------------------------------------------------------------------------
INFO - epoch 7: [recon: 2.2669e-03] [d2g: 4.1916e-03] [gloss: 2.4765e-03] [best: 0.6334] [time: 3804s]
INFO - ToyConveyor: [AUC: 0.6910] [pAUC: 0.5758] [aver: 0.6334] [metric: G_x_2_min] 
INFO - --------------------------------------------------------------------------------------------------------------
INFO - epoch 8: [recon: 2.3227e-03] [d2g: 4.5317e-03] [gloss: 2.5493e-03] [best: 0.6396] [time: 3822s]
INFO - ToyConveyor: [AUC: 0.7144] [pAUC: 0.5649] [aver: 0.6396] [metric: G_x_2_min] 
INFO - --------------------------------------------------------------------------------------------------------------
INFO - epoch 9: [recon: 2.2768e-03] [d2g: 4.4543e-03] [gloss: 2.4995e-03] [best: 0.6524] [time: 3823s]
INFO - ToyConveyor: [AUC: 0.7098] [pAUC: 0.5951] [aver: 0.6524] [metric: G_z_2_sum] 
INFO - --------------------------------------------------------------------------------------------------------------
INFO - epoch 10: [recon: 2.2442e-03] [d2g: 3.9697e-03] [gloss: 2.4427e-03] [best: 0.6524] [time: 3836s]
INFO - ToyConveyor: [AUC: 0.7141] [pAUC: 0.5685] [aver: 0.6413] [metric: G_x_2_min] 
INFO - --------------------------------------------------------------------------------------------------------------
INFO - epoch 11: [recon: 2.2635e-03] [d2g: 3.9555e-03] [gloss: 2.4613e-03] [best: 0.6524] [time: 3812s]
INFO - ToyConveyor: [AUC: 0.7208] [pAUC: 0.5665] [aver: 0.6437] [metric: G_x_2_min] 
INFO - --------------------------------------------------------------------------------------------------------------
INFO - epoch 12: [recon: 2.2903e-03] [d2g: 3.8795e-03] [gloss: 2.4843e-03] [best: 0.6524] [time: 3792s]
INFO - ToyConveyor: [AUC: 0.7115] [pAUC: 0.5689] [aver: 0.6402] [metric: G_x_2_min] 
INFO - --------------------------------------------------------------------------------------------------------------
INFO - epoch 13: [recon: 2.2473e-03] [d2g: 3.3037e-03] [gloss: 2.4125e-03] [best: 0.6524] [time: 3827s]
INFO - ToyConveyor: [AUC: 0.7237] [pAUC: 0.5725] [aver: 0.6481] [metric: G_x_2_min] 
INFO - --------------------------------------------------------------------------------------------------------------
INFO - epoch 14: [recon: 2.1561e-03] [d2g: 3.1636e-03] [gloss: 2.3143e-03] [best: 0.6524] [time: 3799s]
INFO - ToyConveyor: [AUC: 0.7281] [pAUC: 0.5766] [aver: 0.6523] [metric: G_x_2_min] 
INFO - --------------------------------------------------------------------------------------------------------------
INFO - epoch 15: [recon: 2.1386e-03] [d2g: 3.2418e-03] [gloss: 2.3006e-03] [best: 0.6524] [time: 3842s]
INFO - ToyConveyor: [AUC: 0.7211] [pAUC: 0.5800] [aver: 0.6506] [metric: G_x_2_min] 
INFO - --------------------------------------------------------------------------------------------------------------
INFO - epoch 16: [recon: 2.1253e-03] [d2g: 3.1697e-03] [gloss: 2.2838e-03] [best: 0.6547] [time: 3803s]
INFO - ToyConveyor: [AUC: 0.7330] [pAUC: 0.5764] [aver: 0.6547] [metric: G_x_2_min] 
INFO - --------------------------------------------------------------------------------------------------------------
INFO - epoch 17: [recon: 2.1178e-03] [d2g: 3.1996e-03] [gloss: 2.2778e-03] [best: 0.6608] [time: 3831s]
INFO - ToyConveyor: [AUC: 0.7155] [pAUC: 0.6062] [aver: 0.6608] [metric: G_z_1_sum] 
INFO - --------------------------------------------------------------------------------------------------------------
INFO - epoch 18: [recon: 2.1129e-03] [d2g: 3.3437e-03] [gloss: 2.2800e-03] [best: 0.6681] [time: 3846s]
INFO - ToyConveyor: [AUC: 0.7295] [pAUC: 0.6067] [aver: 0.6681] [metric: G_z_1_sum] 
INFO - --------------------------------------------------------------------------------------------------------------
INFO - epoch 19: [recon: 2.1068e-03] [d2g: 3.4093e-03] [gloss: 2.2773e-03] [best: 0.6681] [time: 3773s]
INFO - ToyConveyor: [AUC: 0.7448] [pAUC: 0.5820] [aver: 0.6634] [metric: G_x_2_min] 
INFO - --------------------------------------------------------------------------------------------------------------
INFO - epoch 20: [recon: 2.0999e-03] [d2g: 3.3938e-03] [gloss: 2.2696e-03] [best: 0.6681] [time: 3795s]
INFO - ToyConveyor: [AUC: 0.7224] [pAUC: 0.5747] [aver: 0.6486] [metric: G_x_2_min] 
INFO - --------------------------------------------------------------------------------------------------------------
INFO - epoch 21: [recon: 2.0918e-03] [d2g: 3.2067e-03] [gloss: 2.2521e-03] [best: 0.6681] [time: 3798s]
INFO - ToyConveyor: [AUC: 0.7340] [pAUC: 0.5798] [aver: 0.6569] [metric: G_x_2_min] 
INFO - --------------------------------------------------------------------------------------------------------------
INFO - epoch 22: [recon: 2.0862e-03] [d2g: 3.1285e-03] [gloss: 2.2426e-03] [best: 0.6681] [time: 3796s]
INFO - ToyConveyor: [AUC: 0.7363] [pAUC: 0.5816] [aver: 0.6590] [metric: G_x_2_min] 
INFO - --------------------------------------------------------------------------------------------------------------
INFO - epoch 23: [recon: 2.0819e-03] [d2g: 3.0743e-03] [gloss: 2.2356e-03] [best: 0.6681] [time: 3800s]
INFO - ToyConveyor: [AUC: 0.7435] [pAUC: 0.5828] [aver: 0.6632] [metric: G_x_2_min] 
INFO - --------------------------------------------------------------------------------------------------------------
INFO - epoch 24: [recon: 2.0767e-03] [d2g: 2.8974e-03] [gloss: 2.2215e-03] [best: 0.6681] [time: 3796s]
INFO - ToyConveyor: [AUC: 0.7379] [pAUC: 0.5771] [aver: 0.6575] [metric: G_x_2_min] 
INFO - --------------------------------------------------------------------------------------------------------------
INFO - epoch 25: [recon: 2.0709e-03] [d2g: 2.7723e-03] [gloss: 2.2095e-03] [best: 0.6730] [time: 3794s]
INFO - ToyConveyor: [AUC: 0.7280] [pAUC: 0.6181] [aver: 0.6730] [metric: G_z_1_sum] 
INFO - --------------------------------------------------------------------------------------------------------------
INFO - epoch 26: [recon: 2.0661e-03] [d2g: 2.6506e-03] [gloss: 2.1986e-03] [best: 0.6730] [time: 3786s]
INFO - ToyConveyor: [AUC: 0.7407] [pAUC: 0.5823] [aver: 0.6615] [metric: G_x_2_min] 
INFO - --------------------------------------------------------------------------------------------------------------
INFO - epoch 27: [recon: 2.0598e-03] [d2g: 2.3392e-03] [gloss: 2.1768e-03] [best: 0.6730] [time: 3776s]
INFO - ToyConveyor: [AUC: 0.7479] [pAUC: 0.5830] [aver: 0.6655] [metric: G_x_2_min] 
INFO - --------------------------------------------------------------------------------------------------------------
INFO - epoch 28: [recon: 2.0576e-03] [d2g: 2.4850e-03] [gloss: 2.1819e-03] [best: 0.6819] [time: 3795s]
INFO - ToyConveyor: [AUC: 0.7514] [pAUC: 0.6124] [aver: 0.6819] [metric: G_z_1_sum] 
INFO - --------------------------------------------------------------------------------------------------------------
INFO - epoch 29: [recon: 2.0547e-03] [d2g: 2.4449e-03] [gloss: 2.1770e-03] [best: 0.6819] [time: 3766s]
INFO - ToyConveyor: [AUC: 0.7495] [pAUC: 0.5854] [aver: 0.6674] [metric: G_x_2_min] 
INFO - --------------------------------------------------------------------------------------------------------------
INFO - epoch 30: [recon: 2.0523e-03] [d2g: 2.4802e-03] [gloss: 2.1763e-03] [best: 0.6819] [time: 3781s]
INFO - ToyConveyor: [AUC: 0.7504] [pAUC: 0.5809] [aver: 0.6657] [metric: G_x_2_min] 
INFO - --------------------------------------------------------------------------------------------------------------
INFO - epoch 31: [recon: 2.0499e-03] [d2g: 2.5032e-03] [gloss: 2.1751e-03] [best: 0.6819] [time: 3826s]
INFO - ToyConveyor: [AUC: 0.7498] [pAUC: 0.5862] [aver: 0.6680] [metric: G_x_2_min] 
INFO - --------------------------------------------------------------------------------------------------------------
INFO - epoch 32: [recon: 2.0485e-03] [d2g: 2.6221e-03] [gloss: 2.1796e-03] [best: 0.6819] [time: 3838s]
INFO - ToyConveyor: [AUC: 0.7315] [pAUC: 0.6200] [aver: 0.6757] [metric: G_z_1_sum] 
INFO - --------------------------------------------------------------------------------------------------------------
INFO - epoch 33: [recon: 2.0477e-03] [d2g: 2.6908e-03] [gloss: 2.1823e-03] [best: 0.6819] [time: 3832s]
INFO - ToyConveyor: [AUC: 0.7448] [pAUC: 0.5871] [aver: 0.6660] [metric: G_x_2_min] 
INFO - --------------------------------------------------------------------------------------------------------------
INFO - epoch 34: [recon: 2.0454e-03] [d2g: 2.7254e-03] [gloss: 2.1817e-03] [best: 0.6819] [time: 3855s]
INFO - ToyConveyor: [AUC: 0.7525] [pAUC: 0.5857] [aver: 0.6691] [metric: G_x_2_min] 
INFO - --------------------------------------------------------------------------------------------------------------
INFO - epoch 35: [recon: 2.0427e-03] [d2g: 2.6884e-03] [gloss: 2.1771e-03] [best: 0.6907] [time: 3842s]
INFO - ToyConveyor: [AUC: 0.7571] [pAUC: 0.6243] [aver: 0.6907] [metric: G_z_1_sum] 
INFO - --------------------------------------------------------------------------------------------------------------
INFO - epoch 36: [recon: 2.0405e-03] [d2g: 2.7232e-03] [gloss: 2.1766e-03] [best: 0.6907] [time: 3859s]
INFO - ToyConveyor: [AUC: 0.7282] [pAUC: 0.6201] [aver: 0.6741] [metric: G_z_1_sum] 
INFO - --------------------------------------------------------------------------------------------------------------
INFO - epoch 37: [recon: 2.0402e-03] [d2g: 2.7852e-03] [gloss: 2.1794e-03] [best: 0.6907] [time: 3872s]
INFO - ToyConveyor: [AUC: 0.7528] [pAUC: 0.5850] [aver: 0.6689] [metric: G_x_2_min] 
INFO - --------------------------------------------------------------------------------------------------------------
INFO - epoch 38: [recon: 2.0407e-03] [d2g: 2.9309e-03] [gloss: 2.1873e-03] [best: 0.6907] [time: 3856s]
INFO - ToyConveyor: [AUC: 0.7519] [pAUC: 0.5845] [aver: 0.6682] [metric: G_x_2_min] 
INFO - --------------------------------------------------------------------------------------------------------------
INFO - epoch 39: [recon: 2.0398e-03] [d2g: 2.9690e-03] [gloss: 2.1883e-03] [best: 0.6960] [time: 3904s]
INFO - ToyConveyor: [AUC: 0.7689] [pAUC: 0.6230] [aver: 0.6960] [metric: G_z_1_sum] 
INFO - --------------------------------------------------------------------------------------------------------------
INFO - epoch 40: [recon: 2.0350e-03] [d2g: 2.7884e-03] [gloss: 2.1744e-03] [best: 0.6960] [time: 3844s]
INFO - ToyConveyor: [AUC: 0.7517] [pAUC: 0.5864] [aver: 0.6690] [metric: G_x_2_min] 
INFO - --------------------------------------------------------------------------------------------------------------
INFO - epoch 41: [recon: 2.0349e-03] [d2g: 2.8460e-03] [gloss: 2.1772e-03] [best: 0.6960] [time: 3872s]
INFO - ToyConveyor: [AUC: 0.7515] [pAUC: 0.5863] [aver: 0.6689] [metric: G_x_2_min] 
INFO - --------------------------------------------------------------------------------------------------------------
INFO - epoch 42: [recon: 2.0329e-03] [d2g: 2.7289e-03] [gloss: 2.1693e-03] [best: 0.6960] [time: 3829s]
INFO - ToyConveyor: [AUC: 0.7464] [pAUC: 0.6026] [aver: 0.6745] [metric: G_z_1_sum] 
INFO - --------------------------------------------------------------------------------------------------------------
INFO - epoch 43: [recon: 2.0327e-03] [d2g: 2.7653e-03] [gloss: 2.1710e-03] [best: 0.6960] [time: 4116s]
INFO - ToyConveyor: [AUC: 0.7618] [pAUC: 0.6292] [aver: 0.6955] [metric: G_z_1_sum] 
INFO - --------------------------------------------------------------------------------------------------------------
INFO - epoch 44: [recon: 2.0311e-03] [d2g: 2.8438e-03] [gloss: 2.1733e-03] [best: 0.6960] [time: 4116s]
INFO - ToyConveyor: [AUC: 0.7645] [pAUC: 0.6199] [aver: 0.6922] [metric: G_z_1_min] 
INFO - --------------------------------------------------------------------------------------------------------------
INFO - epoch 45: [recon: 2.0312e-03] [d2g: 2.8463e-03] [gloss: 2.1735e-03] [best: 0.6960] [time: 3931s]
INFO - ToyConveyor: [AUC: 0.7555] [pAUC: 0.5881] [aver: 0.6718] [metric: G_x_2_min] 
INFO - --------------------------------------------------------------------------------------------------------------
INFO - epoch 46: [recon: 2.0299e-03] [d2g: 2.8707e-03] [gloss: 2.1734e-03] [best: 0.6960] [time: 3820s]
INFO - ToyConveyor: [AUC: 0.7558] [pAUC: 0.5874] [aver: 0.6716] [metric: G_x_2_min] 
INFO - --------------------------------------------------------------------------------------------------------------
INFO - epoch 47: [recon: 2.0261e-03] [d2g: 2.7425e-03] [gloss: 2.1632e-03] [best: 0.6960] [time: 3913s]
INFO - ToyConveyor: [AUC: 0.7509] [pAUC: 0.5855] [aver: 0.6682] [metric: G_x_2_min] 
INFO - --------------------------------------------------------------------------------------------------------------
INFO - epoch 48: [recon: 2.0261e-03] [d2g: 2.7781e-03] [gloss: 2.1650e-03] [best: 0.6960] [time: 3946s]
INFO - ToyConveyor: [AUC: 0.7753] [pAUC: 0.6104] [aver: 0.6929] [metric: G_z_1_sum] 
INFO - --------------------------------------------------------------------------------------------------------------
INFO - epoch 49: [recon: 2.0256e-03] [d2g: 2.8111e-03] [gloss: 2.1661e-03] [best: 0.6960] [time: 3921s]
INFO - ToyConveyor: [AUC: 0.7656] [pAUC: 0.6131] [aver: 0.6894] [metric: G_z_1_sum] 
INFO - --------------------------------------------------------------------------------------------------------------
INFO - epoch 50: [recon: 2.0267e-03] [d2g: 2.8655e-03] [gloss: 2.1699e-03] [best: 0.6960] [time: 3825s]
INFO - ToyConveyor: [AUC: 0.7411] [pAUC: 0.6068] [aver: 0.6740] [metric: G_z_1_min] 
INFO - --------------------------------------------------------------------------------------------------------------
INFO - epoch 51: [recon: 2.0264e-03] [d2g: 2.8506e-03] [gloss: 2.1689e-03] [best: 0.6960] [time: 3855s]
INFO - ToyConveyor: [AUC: 0.7664] [pAUC: 0.6160] [aver: 0.6912] [metric: G_z_1_min] 
INFO - --------------------------------------------------------------------------------------------------------------
INFO - epoch 52: [recon: 2.0270e-03] [d2g: 2.9537e-03] [gloss: 2.1747e-03] [best: 0.6960] [time: 3811s]
INFO - ToyConveyor: [AUC: 0.7578] [pAUC: 0.5868] [aver: 0.6723] [metric: G_x_2_min] 
INFO - --------------------------------------------------------------------------------------------------------------
INFO - epoch 53: [recon: 2.0286e-03] [d2g: 3.0176e-03] [gloss: 2.1794e-03] [best: 0.6960] [time: 3833s]
INFO - ToyConveyor: [AUC: 0.7464] [pAUC: 0.6007] [aver: 0.6736] [metric: G_z_1_sum] 
INFO - --------------------------------------------------------------------------------------------------------------
INFO - epoch 54: [recon: 2.0277e-03] [d2g: 3.0101e-03] [gloss: 2.1782e-03] [best: 0.6960] [time: 3814s]
INFO - ToyConveyor: [AUC: 0.7589] [pAUC: 0.6104] [aver: 0.6847] [metric: G_z_1_min] 
INFO - --------------------------------------------------------------------------------------------------------------
INFO - epoch 55: [recon: 2.0314e-03] [d2g: 3.1060e-03] [gloss: 2.1867e-03] [best: 0.6960] [time: 3812s]
INFO - ToyConveyor: [AUC: 0.7568] [pAUC: 0.6129] [aver: 0.6848] [metric: G_z_1_min] 
INFO - --------------------------------------------------------------------------------------------------------------
INFO - epoch 56: [recon: 2.0328e-03] [d2g: 3.1304e-03] [gloss: 2.1893e-03] [best: 0.6960] [time: 3789s]
INFO - ToyConveyor: [AUC: 0.7742] [pAUC: 0.6116] [aver: 0.6929] [metric: G_z_1_sum] 
INFO - --------------------------------------------------------------------------------------------------------------
INFO - epoch 57: [recon: 2.0322e-03] [d2g: 3.2245e-03] [gloss: 2.1934e-03] [best: 0.6960] [time: 3799s]
INFO - ToyConveyor: [AUC: 0.7644] [pAUC: 0.5874] [aver: 0.6759] [metric: G_x_2_min] 
INFO - --------------------------------------------------------------------------------------------------------------
INFO - epoch 58: [recon: 2.0327e-03] [d2g: 3.3167e-03] [gloss: 2.1985e-03] [best: 0.6960] [time: 3799s]
INFO - ToyConveyor: [AUC: 0.7627] [pAUC: 0.6161] [aver: 0.6894] [metric: G_z_1_min] 
INFO - --------------------------------------------------------------------------------------------------------------
INFO - epoch 59: [recon: 2.0321e-03] [d2g: 3.3159e-03] [gloss: 2.1979e-03] [best: 0.6967] [time: 3864s]
INFO - ToyConveyor: [AUC: 0.7756] [pAUC: 0.6178] [aver: 0.6967] [metric: G_z_1_sum] 
INFO - --------------------------------------------------------------------------------------------------------------
INFO - epoch 60: [recon: 2.0357e-03] [d2g: 3.3987e-03] [gloss: 2.2056e-03] [best: 0.6967] [time: 3860s]
INFO - ToyConveyor: [AUC: 0.7524] [pAUC: 0.6133] [aver: 0.6829] [metric: G_z_1_sum] 
INFO - --------------------------------------------------------------------------------------------------------------
INFO - epoch 61: [recon: 2.0308e-03] [d2g: 3.3425e-03] [gloss: 2.1980e-03] [best: 0.6992] [time: 3839s]
INFO - ToyConveyor: [AUC: 0.7783] [pAUC: 0.6202] [aver: 0.6992] [metric: G_z_1_min] 
INFO - --------------------------------------------------------------------------------------------------------------
INFO - epoch 62: [recon: 2.0320e-03] [d2g: 3.3738e-03] [gloss: 2.2007e-03] [best: 0.6992] [time: 3827s]
INFO - ToyConveyor: [AUC: 0.7586] [pAUC: 0.6128] [aver: 0.6857] [metric: G_z_1_min] 
INFO - --------------------------------------------------------------------------------------------------------------
INFO - epoch 63: [recon: 2.0325e-03] [d2g: 3.4267e-03] [gloss: 2.2038e-03] [best: 0.6992] [time: 3823s]
INFO - ToyConveyor: [AUC: 0.7556] [pAUC: 0.6117] [aver: 0.6837] [metric: G_z_1_sum] 
INFO - --------------------------------------------------------------------------------------------------------------
INFO - epoch 64: [recon: 2.0310e-03] [d2g: 3.4636e-03] [gloss: 2.2041e-03] [best: 0.6992] [time: 3837s]
INFO - ToyConveyor: [AUC: 0.7508] [pAUC: 0.6146] [aver: 0.6827] [metric: G_z_1_sum] 
INFO - --------------------------------------------------------------------------------------------------------------
INFO - epoch 65: [recon: 2.0301e-03] [d2g: 3.4218e-03] [gloss: 2.2012e-03] [best: 0.6992] [time: 3893s]
INFO - ToyConveyor: [AUC: 0.7511] [pAUC: 0.6119] [aver: 0.6815] [metric: G_z_1_sum] 
INFO - --------------------------------------------------------------------------------------------------------------
INFO - epoch 66: [recon: 2.0297e-03] [d2g: 3.5449e-03] [gloss: 2.2069e-03] [best: 0.6992] [time: 3788s]
INFO - ToyConveyor: [AUC: 0.7552] [pAUC: 0.5837] [aver: 0.6695] [metric: G_x_2_min] 
INFO - --------------------------------------------------------------------------------------------------------------
INFO - epoch 67: [recon: 2.0255e-03] [d2g: 3.4477e-03] [gloss: 2.1979e-03] [best: 0.6992] [time: 3793s]
INFO - ToyConveyor: [AUC: 0.7605] [pAUC: 0.5856] [aver: 0.6730] [metric: G_x_2_min] 
INFO - --------------------------------------------------------------------------------------------------------------
INFO - epoch 68: [recon: 2.0286e-03] [d2g: 3.4992e-03] [gloss: 2.2036e-03] [best: 0.6992] [time: 3855s]
INFO - ToyConveyor: [AUC: 0.7611] [pAUC: 0.5860] [aver: 0.6736] [metric: G_x_2_min] 
INFO - --------------------------------------------------------------------------------------------------------------
INFO - epoch 69: [recon: 2.0191e-03] [d2g: 3.4613e-03] [gloss: 2.1921e-03] [best: 0.6992] [time: 3813s]
INFO - ToyConveyor: [AUC: 0.7722] [pAUC: 0.6132] [aver: 0.6927] [metric: G_z_1_sum] 
INFO - --------------------------------------------------------------------------------------------------------------
INFO - epoch 70: [recon: 2.0259e-03] [d2g: 3.5155e-03] [gloss: 2.2017e-03] [best: 0.6992] [time: 3802s]
INFO - ToyConveyor: [AUC: 0.7593] [pAUC: 0.5874] [aver: 0.6734] [metric: G_x_2_min] 
INFO - --------------------------------------------------------------------------------------------------------------
INFO - epoch 71: [recon: 2.0298e-03] [d2g: 3.6063e-03] [gloss: 2.2102e-03] [best: 0.6992] [time: 3881s]
INFO - ToyConveyor: [AUC: 0.7670] [pAUC: 0.6187] [aver: 0.6928] [metric: G_z_1_sum] 
INFO - --------------------------------------------------------------------------------------------------------------
INFO - epoch 72: [recon: 2.0272e-03] [d2g: 3.5889e-03] [gloss: 2.2066e-03] [best: 0.6992] [time: 4034s]
INFO - ToyConveyor: [AUC: 0.7438] [pAUC: 0.6052] [aver: 0.6745] [metric: G_z_1_sum] 
INFO - --------------------------------------------------------------------------------------------------------------
INFO - epoch 73: [recon: 2.0310e-03] [d2g: 3.7049e-03] [gloss: 2.2163e-03] [best: 0.6992] [time: 3886s]
INFO - ToyConveyor: [AUC: 0.7601] [pAUC: 0.6184] [aver: 0.6893] [metric: G_z_1_min] 
INFO - --------------------------------------------------------------------------------------------------------------
INFO - epoch 74: [recon: 2.0309e-03] [d2g: 3.6332e-03] [gloss: 2.2125e-03] [best: 0.6992] [time: 3985s]
INFO - ToyConveyor: [AUC: 0.7528] [pAUC: 0.6069] [aver: 0.6799] [metric: G_z_1_sum] 
