D metric: maha_combined, Score: 1002870034.5519884
D metric: maha_feat, Score: 3.4028234663852886e+38
D metric: maha_tfeat, Score: 1188373175.2562578
D metric: knn_combined, Score: 0.45875871181488037
D metric: knn_feat, Score: 0.2717851400375366
D metric: knn_tfeat, Score: 2.100996494293213
D metric: lof_combined, Score: 4.074853897094727
D metric: lof_feat, Score: 2.4411838054656982
D metric: lof_tfeat, Score: 18.0972900390625
D metric: cos_combined, Score: 0.22446852922439575
D metric: cos_feat, Score: 0.12834995985031128
D metric: cos_tfeat, Score: 1.0565261840820312
G metric: G_x_2_sum, Score: 12818.1171875
G metric: G_x_2_min, Score: 65.46240234375
G metric: G_x_2_max, Score: 76.27639770507812
G metric: G_x_1_sum, Score: 150094.796875
G metric: G_x_1_min, Score: 789.761962890625
G metric: G_x_1_max, Score: 856.16162109375
G metric: G_z_2_sum, Score: 4886418.0
G metric: G_z_2_min, Score: 23439.2265625
G metric: G_z_2_max, Score: 31235.00390625
G metric: G_z_1_sum, Score: 394885.34375
G metric: G_z_1_min, Score: 2009.8017578125
G metric: G_z_1_max, Score: 2277.68212890625
G metric: G_z_cos_sum, Score: 1.2327945232391357
G metric: G_z_cos_min, Score: 0.0055214762687683105
G metric: G_z_cos_max, Score: 0.008247971534729004
Metric: maha_combined, mid: 0, AUC: 0.45585995085995085, pAUC: 0.4958707652206104
Metric: maha_combined, mid: 2, AUC: 0.5305988857938718, pAUC: 0.5031842123141946
Metric: maha_combined, mid: 4, AUC: 0.4823419540229886, pAUC: 0.4995357278521082
Metric: maha_combined, mid: 6, AUC: 0.5341412742382271, pAUC: 0.5026651826512434
Metric: maha_feat, mid: 0, AUC: 0.4205159705159706, pAUC: 0.49497674543046594
Metric: maha_feat, mid: 2, AUC: 0.6266852367688023, pAUC: 0.5246472727780453
Metric: maha_feat, mid: 4, AUC: 0.5329885057471264, pAUC: 0.498330756648966
Metric: maha_feat, mid: 6, AUC: 0.5374515235457064, pAUC: 0.5025513923312436
Metric: maha_tfeat, mid: 0, AUC: 0.5022850122850123, pAUC: 0.5003311271253855
Metric: maha_tfeat, mid: 2, AUC: 0.5167688022284123, pAUC: 0.5039217123588916
Metric: maha_tfeat, mid: 4, AUC: 0.5057758620689656, pAUC: 0.5005713517510251
Metric: maha_tfeat, mid: 6, AUC: 0.4684487534626039, pAUC: 0.49536145364139317
Metric: knn_combined, mid: 0, AUC: 0.45972972972972975, pAUC: 0.4907539118065434
Metric: knn_combined, mid: 2, AUC: 0.5727855153203343, pAUC: 0.5203049406245418
Metric: knn_combined, mid: 4, AUC: 0.460948275862069, pAUC: 0.49183303085299457
Metric: knn_combined, mid: 6, AUC: 0.5966481994459834, pAUC: 0.5092579093162268
Metric: knn_feat, mid: 0, AUC: 0.4885749385749386, pAUC: 0.4914004914004914
Metric: knn_feat, mid: 2, AUC: 0.6171309192200557, pAUC: 0.5296877290719836
Metric: knn_feat, mid: 4, AUC: 0.3972413793103448, pAUC: 0.49153055051421657
Metric: knn_feat, mid: 6, AUC: 0.5270360110803324, pAUC: 0.5031345677212422
Metric: knn_tfeat, mid: 0, AUC: 0.5047665847665848, pAUC: 0.5008405534721324
Metric: knn_tfeat, mid: 2, AUC: 0.5186072423398328, pAUC: 0.5232370620143674
Metric: knn_tfeat, mid: 4, AUC: 0.5118390804597701, pAUC: 0.5078644888082274
Metric: knn_tfeat, mid: 6, AUC: 0.47598337950138503, pAUC: 0.5031345677212422
Metric: lof_combined, mid: 0, AUC: 0.46078624078624075, pAUC: 0.4914004914004914
Metric: lof_combined, mid: 2, AUC: 0.5738440111420613, pAUC: 0.519865122416068
Metric: lof_combined, mid: 4, AUC: 0.455344827586207, pAUC: 0.49153055051421657
Metric: lof_combined, mid: 6, AUC: 0.590747922437673, pAUC: 0.5076541769937308
Metric: lof_feat, mid: 0, AUC: 0.4945700245700245, pAUC: 0.4916591232380706
Metric: lof_feat, mid: 2, AUC: 0.6011281337047354, pAUC: 0.5298343351414748
Metric: lof_feat, mid: 4, AUC: 0.41271551724137934, pAUC: 0.4910768300060496
Metric: lof_feat, mid: 6, AUC: 0.5326592797783933, pAUC: 0.5031345677212422
Metric: lof_tfeat, mid: 0, AUC: 0.4974938574938575, pAUC: 0.5005819216345532
Metric: lof_tfeat, mid: 2, AUC: 0.5254456824512534, pAUC: 0.527781850168597
Metric: lof_tfeat, mid: 4, AUC: 0.5122988505747127, pAUC: 0.5063520871143375
Metric: lof_tfeat, mid: 6, AUC: 0.47620498614958445, pAUC: 0.5025513923312436
Metric: cos_combined, mid: 0, AUC: 0.46412776412776413, pAUC: 0.491529807319281
Metric: cos_combined, mid: 2, AUC: 0.5813927576601671, pAUC: 0.5213311831109808
Metric: cos_combined, mid: 4, AUC: 0.45341954022988507, pAUC: 0.4910768300060496
Metric: cos_combined, mid: 6, AUC: 0.5945706371191136, pAUC: 0.5080915585362298
Metric: cos_feat, mid: 0, AUC: 0.49253071253071246, pAUC: 0.491529807319281
Metric: cos_feat, mid: 2, AUC: 0.6228969359331478, pAUC: 0.5273420319601232
Metric: cos_feat, mid: 4, AUC: 0.3963505747126437, pAUC: 0.49168179068360557
Metric: cos_feat, mid: 6, AUC: 0.5372576177285319, pAUC: 0.5050298877387375
Metric: cos_tfeat, mid: 0, AUC: 0.5029484029484029, pAUC: 0.5001939738781844
Metric: cos_tfeat, mid: 2, AUC: 0.5246518105849582, pAUC: 0.5252895469872453
Metric: cos_tfeat, mid: 4, AUC: 0.5132471264367816, pAUC: 0.5089231699939504
Metric: cos_tfeat, mid: 6, AUC: 0.47559556786703594, pAUC: 0.5059046508237353
Metric: G_x_2_sum, mid: 0, AUC: 0.5505651105651106, pAUC: 0.49372817793870427
Metric: G_x_2_sum, mid: 2, AUC: 0.6765738161559889, pAUC: 0.5436153056736549
Metric: G_x_2_sum, mid: 4, AUC: 0.5806321839080459, pAUC: 0.5173926194797338
Metric: G_x_2_sum, mid: 6, AUC: 0.6586980609418281, pAUC: 0.5153812509112116
Metric: G_x_2_min, mid: 0, AUC: 0.5616216216216217, pAUC: 0.49359886201991465
Metric: G_x_2_min, mid: 2, AUC: 0.6869916434540388, pAUC: 0.5483066998973758
Metric: G_x_2_min, mid: 4, AUC: 0.595316091954023, pAUC: 0.5394736842105263
Metric: G_x_2_min, mid: 6, AUC: 0.6977839335180056, pAUC: 0.5451231958011372
Metric: G_x_2_max, mid: 0, AUC: 0.5353316953316953, pAUC: 0.4907539118065434
Metric: G_x_2_max, mid: 2, AUC: 0.6677437325905293, pAUC: 0.5421492449787422
Metric: G_x_2_max, mid: 4, AUC: 0.5678448275862069, pAUC: 0.5127041742286751
Metric: G_x_2_max, mid: 6, AUC: 0.6303601108033241, pAUC: 0.4981775769062546
Metric: G_x_1_sum, mid: 0, AUC: 0.5542751842751842, pAUC: 0.4925643346695978
Metric: G_x_1_sum, mid: 2, AUC: 0.6940947075208913, pAUC: 0.5579827004838
Metric: G_x_1_sum, mid: 4, AUC: 0.5867528735632184, pAUC: 0.5186025408348457
Metric: G_x_1_sum, mid: 6, AUC: 0.6695013850415512, pAUC: 0.5184429217087039
Metric: G_x_1_min, mid: 0, AUC: 0.559041769041769, pAUC: 0.4911418595629122
Metric: G_x_1_min, mid: 2, AUC: 0.7001392757660168, pAUC: 0.565899428236329
Metric: G_x_1_min, mid: 4, AUC: 0.5970977011494253, pAUC: 0.5485480943738656
Metric: G_x_1_min, mid: 6, AUC: 0.7053739612188366, pAUC: 0.5559119405161103
Metric: G_x_1_max, mid: 0, AUC: 0.5437346437346438, pAUC: 0.49230570283201863
Metric: G_x_1_max, mid: 2, AUC: 0.6872980501392757, pAUC: 0.5541709426770268
Metric: G_x_1_max, mid: 4, AUC: 0.5772126436781609, pAUC: 0.5078644888082274
Metric: G_x_1_max, mid: 6, AUC: 0.6450138504155125, pAUC: 0.4949701122612626
Metric: G_z_2_sum, mid: 0, AUC: 0.5241031941031942, pAUC: 0.49812491917755075
Metric: G_z_2_sum, mid: 2, AUC: 0.5738440111420613, pAUC: 0.5166397888872599
Metric: G_z_2_sum, mid: 4, AUC: 0.5520977011494254, pAUC: 0.5284331518451301
Metric: G_z_2_sum, mid: 6, AUC: 0.5950415512465373, pAUC: 0.5292316664236769
Metric: G_z_2_min, mid: 0, AUC: 0.5168304668304669, pAUC: 0.5010991853097116
Metric: G_z_2_min, mid: 2, AUC: 0.5606406685236769, pAUC: 0.5291013047940185
Metric: G_z_2_min, mid: 4, AUC: 0.5568103448275862, pAUC: 0.52994555353902
Metric: G_z_2_min, mid: 6, AUC: 0.6173130193905817, pAUC: 0.5419157311561452
Metric: G_z_2_max, mid: 0, AUC: 0.5232432432432432, pAUC: 0.49476270528902105
Metric: G_z_2_max, mid: 2, AUC: 0.580974930362117, pAUC: 0.5144406978448908
Metric: G_z_2_max, mid: 4, AUC: 0.5479885057471264, pAUC: 0.5251058681185723
Metric: G_z_2_max, mid: 6, AUC: 0.5775069252077563, pAUC: 0.5111532293337221
Metric: G_z_1_sum, mid: 0, AUC: 0.5101965601965602, pAUC: 0.4956679167205483
Metric: G_z_1_sum, mid: 2, AUC: 0.5680501392757661, pAUC: 0.5151737281923472
Metric: G_z_1_sum, mid: 4, AUC: 0.5481609195402299, pAUC: 0.5205686630369026
Metric: G_z_1_sum, mid: 6, AUC: 0.6006648199445983, pAUC: 0.5289400787286777
Metric: G_z_1_min, mid: 0, AUC: 0.501916461916462, pAUC: 0.5000646579593948
Metric: G_z_1_min, mid: 2, AUC: 0.5514763231197772, pAUC: 0.5257293651957191
Metric: G_z_1_min, mid: 4, AUC: 0.5520689655172414, pAUC: 0.5198124621899577
Metric: G_z_1_min, mid: 6, AUC: 0.6244321329639889, pAUC: 0.5389998542061525
Metric: G_z_1_max, mid: 0, AUC: 0.5128255528255528, pAUC: 0.4954092848829691
Metric: G_z_1_max, mid: 2, AUC: 0.578857938718663, pAUC: 0.5142940917753995
Metric: G_z_1_max, mid: 4, AUC: 0.5436494252873563, pAUC: 0.5220810647307925
Metric: G_z_1_max, mid: 6, AUC: 0.581606648199446, pAUC: 0.5121737862662196
Metric: G_z_cos_sum, mid: 0, AUC: 0.5687960687960688, pAUC: 0.514030777188672
Metric: G_z_cos_sum, mid: 2, AUC: 0.5733426183844011, pAUC: 0.524116698431315
Metric: G_z_cos_sum, mid: 4, AUC: 0.5556609195402299, pAUC: 0.5098306110102844
Metric: G_z_cos_sum, mid: 6, AUC: 0.5458171745152355, pAUC: 0.536375564951159
Metric: G_z_cos_min, mid: 0, AUC: 0.5795331695331695, pAUC: 0.5040734514418725
Metric: G_z_cos_min, mid: 2, AUC: 0.5588857938718663, pAUC: 0.5207447588330157
Metric: G_z_cos_min, mid: 4, AUC: 0.5530459770114943, pAUC: 0.5099818511796733
Metric: G_z_cos_min, mid: 6, AUC: 0.5626454293628809, pAUC: 0.5363755649511591
Metric: G_z_cos_max, mid: 0, AUC: 0.5595700245700246, pAUC: 0.5093754041122462
Metric: G_z_cos_max, mid: 2, AUC: 0.5870752089136491, pAUC: 0.5371646386160387
Metric: G_z_cos_max, mid: 4, AUC: 0.5472557471264368, pAUC: 0.5119479733817301
Metric: G_z_cos_max, mid: 6, AUC: 0.543781163434903, pAUC: 0.5273363464061817
--------------------------------------------------------------------------------------------------------------
epoch 0: [recon: 5.2190e-03] [d2g: 1.0449e-03] [gloss: 5.2713e-03] [best: 0.5904] [time: 4031s]
fan: [AUC: 0.6404] [pAUC: 0.5404] [aver: 0.5904] [metric: G_x_1_min] 