INFO - Train starts at: 2024-07-15 01:22:26
INFO - Seed: 783
INFO - Train Machine: ['pump']
INFO - Test Machine: ['pump']
INFO - ============== TRAIN CONFIG SUMMARY ==============
INFO - feat: [fft_num: 2048] [mel_bin: 128] [frame_hop: 512] [graph_hop_f: 1] 
INFO - set: [dataset: deval] 
INFO - net: [act: ['leakyrelu', 'relu']] [normalize: {'d': 'ln', 'g': 'ln'}] [nz: 256] [ndf: 32] [ngf: 32] 
INFO - train: [lrD: 0.0002] [lrG: 0.0002] [beta1: 0.5] [batch_size: 512] [epoch: 100] 
INFO - wgan: [feat_match_eff: 1] [match_item: {'mu': 1, 'sigma': 1}] [ncritic: 1] [lambda_gp: 10] 
INFO - ============== MODEL TRAINING ==============
INFO - --------------------------------------------------------------------------------------------------------------
INFO - epoch 0: [recon: 6.7217e-03] [d2g: 6.7054e-04] [gloss: 7.3922e-03] [best: 0.7242] [time: 3419s]
INFO - pump: [AUC: 0.8046] [pAUC: 0.6439] [aver: 0.7242] [metric: lof_feat] 
INFO - --------------------------------------------------------------------------------------------------------------
INFO - epoch 1: [recon: 4.9932e-03] [d2g: 6.0470e-04] [gloss: 5.5979e-03] [best: 0.7416] [time: 3468s]
INFO - pump: [AUC: 0.8031] [pAUC: 0.6801] [aver: 0.7416] [metric: lof_feat] 
INFO - --------------------------------------------------------------------------------------------------------------
INFO - epoch 2: [recon: 4.7648e-03] [d2g: 6.3188e-04] [gloss: 5.3966e-03] [best: 0.7493] [time: 3273s]
INFO - pump: [AUC: 0.8216] [pAUC: 0.6770] [aver: 0.7493] [metric: lof_feat] 
INFO - --------------------------------------------------------------------------------------------------------------
INFO - epoch 3: [recon: 4.7862e-03] [d2g: 5.7722e-04] [gloss: 5.3635e-03] [best: 0.7741] [time: 3313s]
INFO - pump: [AUC: 0.8428] [pAUC: 0.7054] [aver: 0.7741] [metric: lof_feat] 
INFO - --------------------------------------------------------------------------------------------------------------
INFO - epoch 4: [recon: 4.4261e-03] [d2g: 5.2403e-04] [gloss: 4.9501e-03] [best: 0.7741] [time: 3326s]
INFO - pump: [AUC: 0.8451] [pAUC: 0.6945] [aver: 0.7698] [metric: lof_feat] 
INFO - --------------------------------------------------------------------------------------------------------------
INFO - epoch 5: [recon: 4.2662e-03] [d2g: 5.0497e-04] [gloss: 4.7712e-03] [best: 0.7741] [time: 3366s]
INFO - pump: [AUC: 0.8493] [pAUC: 0.6978] [aver: 0.7735] [metric: lof_feat] 
INFO - --------------------------------------------------------------------------------------------------------------
INFO - epoch 6: [recon: 4.1556e-03] [d2g: 4.8261e-04] [gloss: 4.6382e-03] [best: 0.7741] [time: 3370s]
INFO - pump: [AUC: 0.8451] [pAUC: 0.6964] [aver: 0.7707] [metric: lof_feat] 
INFO - --------------------------------------------------------------------------------------------------------------
INFO - epoch 7: [recon: 4.1271e-03] [d2g: 4.4871e-04] [gloss: 4.5759e-03] [best: 0.7741] [time: 3288s]
INFO - pump: [AUC: 0.8347] [pAUC: 0.6981] [aver: 0.7664] [metric: lof_feat] 
INFO - --------------------------------------------------------------------------------------------------------------
INFO - epoch 8: [recon: 4.0283e-03] [d2g: 4.3827e-04] [gloss: 4.4666e-03] [best: 0.7741] [time: 3283s]
INFO - pump: [AUC: 0.8212] [pAUC: 0.6831] [aver: 0.7522] [metric: lof_feat] 
INFO - --------------------------------------------------------------------------------------------------------------
INFO - epoch 9: [recon: 4.0242e-03] [d2g: 4.9099e-04] [gloss: 4.5152e-03] [best: 0.7741] [time: 3320s]
INFO - pump: [AUC: 0.8188] [pAUC: 0.6779] [aver: 0.7484] [metric: lof_feat] 
INFO - --------------------------------------------------------------------------------------------------------------
INFO - epoch 10: [recon: 4.0166e-03] [d2g: 5.0887e-04] [gloss: 4.5254e-03] [best: 0.7741] [time: 3574s]
INFO - pump: [AUC: 0.8345] [pAUC: 0.7008] [aver: 0.7676] [metric: lof_feat] 
INFO - --------------------------------------------------------------------------------------------------------------
INFO - epoch 11: [recon: 4.0074e-03] [d2g: 5.2092e-04] [gloss: 4.5283e-03] [best: 0.7741] [time: 3385s]
INFO - pump: [AUC: 0.8222] [pAUC: 0.6893] [aver: 0.7558] [metric: lof_feat] 
INFO - --------------------------------------------------------------------------------------------------------------
INFO - epoch 12: [recon: 3.9969e-03] [d2g: 5.1988e-04] [gloss: 4.5167e-03] [best: 0.7741] [time: 3358s]
INFO - pump: [AUC: 0.8392] [pAUC: 0.6999] [aver: 0.7695] [metric: lof_feat] 
INFO - --------------------------------------------------------------------------------------------------------------
INFO - epoch 13: [recon: 3.9219e-03] [d2g: 4.9851e-04] [gloss: 4.4204e-03] [best: 0.7741] [time: 3383s]
INFO - pump: [AUC: 0.8419] [pAUC: 0.6899] [aver: 0.7659] [metric: lof_feat] 
