INFO - Train starts at: 2024-07-12 18:01:34
INFO - Seed: 783
INFO - Train Machine: ['slider']
INFO - Test Machine: ['slider']
INFO - ============== TRAIN CONFIG SUMMARY ==============
INFO - feat: [fft_num: 2048] [mel_bin: 128] [frame_hop: 512] [graph_hop_f: 1] 
INFO - set: [dataset: deval] 
INFO - net: [act: ['leakyrelu', 'relu']] [normalize: {'d': 'ln', 'g': 'bn'}] [nz: 256] [ndf: 32] [ngf: 32] 
INFO - train: [lrD: 0.0002] [lrG: 0.0002] [beta1: 0.5] [batch_size: 512] [epoch: 150] 
INFO - wgan: [feat_match_eff: 1] [match_item: {'mu': 1}] [ncritic: 1] [lambda_gp: 10] 
INFO - ============== MODEL TRAINING ==============
INFO - --------------------------------------------------------------------------------------------------------------
INFO - epoch 0: [recon: 7.0283e-03] [d2g: 5.3439e-04] [gloss: 7.5627e-03] [best: 0.7182] [time: 3705s]
INFO - slider: [AUC: 0.7877] [pAUC: 0.6487] [aver: 0.7182] [metric: G_x_2_min] 
INFO - --------------------------------------------------------------------------------------------------------------
INFO - epoch 1: [recon: 4.7905e-03] [d2g: 4.7262e-04] [gloss: 5.2631e-03] [best: 0.7543] [time: 3534s]
INFO - slider: [AUC: 0.8281] [pAUC: 0.6806] [aver: 0.7543] [metric: G_x_2_min] 
INFO - --------------------------------------------------------------------------------------------------------------
INFO - epoch 2: [recon: 4.4932e-03] [d2g: 4.6878e-04] [gloss: 4.9620e-03] [best: 0.7745] [time: 3234s]
INFO - slider: [AUC: 0.8499] [pAUC: 0.6990] [aver: 0.7745] [metric: G_x_2_min] 
INFO - --------------------------------------------------------------------------------------------------------------
INFO - epoch 3: [recon: 4.2818e-03] [d2g: 4.8409e-04] [gloss: 4.7659e-03] [best: 0.7869] [time: 2953s]
INFO - slider: [AUC: 0.8581] [pAUC: 0.7157] [aver: 0.7869] [metric: G_x_2_min] 
INFO - --------------------------------------------------------------------------------------------------------------
INFO - epoch 4: [recon: 4.2190e-03] [d2g: 5.0722e-04] [gloss: 4.7262e-03] [best: 0.7989] [time: 2913s]
INFO - slider: [AUC: 0.8735] [pAUC: 0.7242] [aver: 0.7989] [metric: G_x_2_min] 
INFO - --------------------------------------------------------------------------------------------------------------
INFO - epoch 5: [recon: 4.2030e-03] [d2g: 5.1108e-04] [gloss: 4.7140e-03] [best: 0.8032] [time: 2967s]
INFO - slider: [AUC: 0.8782] [pAUC: 0.7283] [aver: 0.8032] [metric: G_x_2_min] 
INFO - --------------------------------------------------------------------------------------------------------------
INFO - epoch 6: [recon: 4.1359e-03] [d2g: 5.1034e-04] [gloss: 4.6462e-03] [best: 0.8088] [time: 2916s]
INFO - slider: [AUC: 0.8826] [pAUC: 0.7350] [aver: 0.8088] [metric: G_x_2_min] 
INFO - --------------------------------------------------------------------------------------------------------------
INFO - epoch 7: [recon: 4.0848e-03] [d2g: 5.1499e-04] [gloss: 4.5998e-03] [best: 0.8088] [time: 2847s]
INFO - slider: [AUC: 0.8828] [pAUC: 0.7349] [aver: 0.8088] [metric: G_x_2_min] 
INFO - --------------------------------------------------------------------------------------------------------------
INFO - epoch 8: [recon: 4.0850e-03] [d2g: 5.3572e-04] [gloss: 4.6207e-03] [best: 0.8114] [time: 2820s]
INFO - slider: [AUC: 0.8832] [pAUC: 0.7397] [aver: 0.8114] [metric: G_x_2_min] 
INFO - --------------------------------------------------------------------------------------------------------------
INFO - epoch 9: [recon: 4.0868e-03] [d2g: 5.4130e-04] [gloss: 4.6281e-03] [best: 0.8114] [time: 2821s]
INFO - slider: [AUC: 0.8856] [pAUC: 0.7349] [aver: 0.8103] [metric: G_x_2_sum] 
INFO - --------------------------------------------------------------------------------------------------------------
INFO - epoch 10: [recon: 4.0557e-03] [d2g: 5.3654e-04] [gloss: 4.5923e-03] [best: 0.8114] [time: 2813s]
INFO - slider: [AUC: 0.8775] [pAUC: 0.7418] [aver: 0.8096] [metric: G_x_2_min] 
INFO - --------------------------------------------------------------------------------------------------------------
INFO - epoch 11: [recon: 4.0378e-03] [d2g: 5.3673e-04] [gloss: 4.5745e-03] [best: 0.8114] [time: 2829s]
INFO - slider: [AUC: 0.8842] [pAUC: 0.7377] [aver: 0.8110] [metric: G_x_2_sum] 
INFO - --------------------------------------------------------------------------------------------------------------
INFO - epoch 12: [recon: 4.0690e-03] [d2g: 5.3378e-04] [gloss: 4.6028e-03] [best: 0.8139] [time: 2817s]
INFO - slider: [AUC: 0.8791] [pAUC: 0.7486] [aver: 0.8139] [metric: G_x_2_min] 
INFO - --------------------------------------------------------------------------------------------------------------
INFO - epoch 13: [recon: 4.1057e-03] [d2g: 5.3696e-04] [gloss: 4.6427e-03] [best: 0.8187] [time: 2821s]
INFO - slider: [AUC: 0.8811] [pAUC: 0.7563] [aver: 0.8187] [metric: G_x_2_min] 
INFO - --------------------------------------------------------------------------------------------------------------
INFO - epoch 14: [recon: 4.1126e-03] [d2g: 5.3139e-04] [gloss: 4.6440e-03] [best: 0.8187] [time: 2821s]
INFO - slider: [AUC: 0.8785] [pAUC: 0.7526] [aver: 0.8156] [metric: G_x_2_min] 
INFO - --------------------------------------------------------------------------------------------------------------
INFO - epoch 15: [recon: 4.0973e-03] [d2g: 5.2879e-04] [gloss: 4.6261e-03] [best: 0.8187] [time: 2834s]
INFO - slider: [AUC: 0.8801] [pAUC: 0.7529] [aver: 0.8165] [metric: G_x_2_min] 
INFO - --------------------------------------------------------------------------------------------------------------
INFO - epoch 16: [recon: 4.1197e-03] [d2g: 5.2614e-04] [gloss: 4.6459e-03] [best: 0.8219] [time: 2824s]
INFO - slider: [AUC: 0.8814] [pAUC: 0.7624] [aver: 0.8219] [metric: G_x_2_min] 
INFO - --------------------------------------------------------------------------------------------------------------
INFO - epoch 17: [recon: 4.1030e-03] [d2g: 5.2821e-04] [gloss: 4.6312e-03] [best: 0.8219] [time: 2811s]
INFO - slider: [AUC: 0.8782] [pAUC: 0.7532] [aver: 0.8157] [metric: G_x_2_min] 
INFO - --------------------------------------------------------------------------------------------------------------
INFO - epoch 18: [recon: 4.0942e-03] [d2g: 5.2401e-04] [gloss: 4.6182e-03] [best: 0.8219] [time: 2812s]
INFO - slider: [AUC: 0.8748] [pAUC: 0.7356] [aver: 0.8052] [metric: G_x_1_sum] 
INFO - --------------------------------------------------------------------------------------------------------------
INFO - epoch 19: [recon: 4.0768e-03] [d2g: 5.2801e-04] [gloss: 4.6048e-03] [best: 0.8219] [time: 2814s]
INFO - slider: [AUC: 0.8803] [pAUC: 0.7546] [aver: 0.8175] [metric: G_x_2_min] 
INFO - --------------------------------------------------------------------------------------------------------------
INFO - epoch 20: [recon: 4.0599e-03] [d2g: 5.3237e-04] [gloss: 4.5923e-03] [best: 0.8219] [time: 2818s]
INFO - slider: [AUC: 0.8848] [pAUC: 0.7575] [aver: 0.8211] [metric: G_x_2_min] 
INFO - --------------------------------------------------------------------------------------------------------------
INFO - epoch 21: [recon: 4.0362e-03] [d2g: 5.3186e-04] [gloss: 4.5681e-03] [best: 0.8304] [time: 2824s]
INFO - slider: [AUC: 0.8940] [pAUC: 0.7668] [aver: 0.8304] [metric: G_x_2_min] 
INFO - --------------------------------------------------------------------------------------------------------------
INFO - epoch 22: [recon: 4.0590e-03] [d2g: 5.2236e-04] [gloss: 4.5813e-03] [best: 0.8304] [time: 2814s]
INFO - slider: [AUC: 0.8920] [pAUC: 0.7575] [aver: 0.8247] [metric: G_x_2_sum] 
INFO - --------------------------------------------------------------------------------------------------------------
INFO - epoch 23: [recon: 4.0643e-03] [d2g: 5.1567e-04] [gloss: 4.5799e-03] [best: 0.8304] [time: 2810s]
INFO - slider: [AUC: 0.8933] [pAUC: 0.7619] [aver: 0.8276] [metric: G_x_2_sum] 
INFO - --------------------------------------------------------------------------------------------------------------
INFO - epoch 24: [recon: 4.0368e-03] [d2g: 5.1257e-04] [gloss: 4.5493e-03] [best: 0.8304] [time: 2816s]
INFO - slider: [AUC: 0.8928] [pAUC: 0.7629] [aver: 0.8279] [metric: G_x_2_sum] 
INFO - --------------------------------------------------------------------------------------------------------------
INFO - epoch 25: [recon: 4.0257e-03] [d2g: 5.0602e-04] [gloss: 4.5317e-03] [best: 0.8304] [time: 2813s]
INFO - slider: [AUC: 0.8942] [pAUC: 0.7633] [aver: 0.8287] [metric: G_x_2_sum] 
INFO - --------------------------------------------------------------------------------------------------------------
INFO - epoch 26: [recon: 4.0415e-03] [d2g: 4.9443e-04] [gloss: 4.5360e-03] [best: 0.8304] [time: 2809s]
INFO - slider: [AUC: 0.8933] [pAUC: 0.7509] [aver: 0.8221] [metric: G_x_1_max] 
INFO - --------------------------------------------------------------------------------------------------------------
INFO - epoch 27: [recon: 4.0351e-03] [d2g: 4.9247e-04] [gloss: 4.5275e-03] [best: 0.8304] [time: 2814s]
INFO - slider: [AUC: 0.8968] [pAUC: 0.7576] [aver: 0.8272] [metric: G_x_1_max] 
INFO - --------------------------------------------------------------------------------------------------------------
INFO - epoch 28: [recon: 4.0458e-03] [d2g: 4.8806e-04] [gloss: 4.5339e-03] [best: 0.8304] [time: 2816s]
INFO - slider: [AUC: 0.8972] [pAUC: 0.7588] [aver: 0.8280] [metric: G_x_1_max] 
INFO - --------------------------------------------------------------------------------------------------------------
INFO - epoch 29: [recon: 4.0549e-03] [d2g: 4.7579e-04] [gloss: 4.5307e-03] [best: 0.8304] [time: 2820s]
INFO - slider: [AUC: 0.8960] [pAUC: 0.7564] [aver: 0.8262] [metric: G_x_1_max] 
INFO - --------------------------------------------------------------------------------------------------------------
INFO - epoch 30: [recon: 4.0288e-03] [d2g: 4.7173e-04] [gloss: 4.5005e-03] [best: 0.8304] [time: 2813s]
INFO - slider: [AUC: 0.8991] [pAUC: 0.7585] [aver: 0.8288] [metric: G_x_1_max] 
INFO - --------------------------------------------------------------------------------------------------------------
INFO - epoch 31: [recon: 4.0462e-03] [d2g: 4.6617e-04] [gloss: 4.5123e-03] [best: 0.8304] [time: 2810s]
INFO - slider: [AUC: 0.8993] [pAUC: 0.7583] [aver: 0.8288] [metric: G_x_1_max] 
INFO - --------------------------------------------------------------------------------------------------------------
INFO - epoch 32: [recon: 4.0756e-03] [d2g: 4.6026e-04] [gloss: 4.5359e-03] [best: 0.8357] [time: 2819s]
INFO - slider: [AUC: 0.8966] [pAUC: 0.7748] [aver: 0.8357] [metric: G_x_1_sum] 
INFO - --------------------------------------------------------------------------------------------------------------
INFO - epoch 33: [recon: 4.1240e-03] [d2g: 4.5334e-04] [gloss: 4.5773e-03] [best: 0.8393] [time: 2804s]
INFO - slider: [AUC: 0.8975] [pAUC: 0.7812] [aver: 0.8393] [metric: G_x_1_sum] 
INFO - --------------------------------------------------------------------------------------------------------------
INFO - epoch 34: [recon: 4.1647e-03] [d2g: 4.4513e-04] [gloss: 4.6099e-03] [best: 0.8400] [time: 2831s]
INFO - slider: [AUC: 0.9053] [pAUC: 0.7748] [aver: 0.8400] [metric: G_x_1_max] 
INFO - --------------------------------------------------------------------------------------------------------------
INFO - epoch 35: [recon: 4.1937e-03] [d2g: 4.3712e-04] [gloss: 4.6308e-03] [best: 0.8469] [time: 2806s]
INFO - slider: [AUC: 0.9050] [pAUC: 0.7888] [aver: 0.8469] [metric: G_x_1_sum] 
INFO - --------------------------------------------------------------------------------------------------------------
INFO - epoch 36: [recon: 4.2036e-03] [d2g: 4.3617e-04] [gloss: 4.6398e-03] [best: 0.8489] [time: 2802s]
INFO - slider: [AUC: 0.9043] [pAUC: 0.7936] [aver: 0.8489] [metric: G_x_1_sum] 
INFO - --------------------------------------------------------------------------------------------------------------
INFO - epoch 37: [recon: 4.2113e-03] [d2g: 4.3663e-04] [gloss: 4.6479e-03] [best: 0.8494] [time: 2813s]
INFO - slider: [AUC: 0.9056] [pAUC: 0.7931] [aver: 0.8494] [metric: G_x_1_sum] 
INFO - --------------------------------------------------------------------------------------------------------------
INFO - epoch 38: [recon: 4.2246e-03] [d2g: 4.3521e-04] [gloss: 4.6598e-03] [best: 0.8550] [time: 2799s]
INFO - slider: [AUC: 0.9127] [pAUC: 0.7973] [aver: 0.8550] [metric: G_x_1_sum] 
INFO - --------------------------------------------------------------------------------------------------------------
INFO - epoch 39: [recon: 4.2304e-03] [d2g: 4.3428e-04] [gloss: 4.6646e-03] [best: 0.8550] [time: 2805s]
INFO - slider: [AUC: 0.9133] [pAUC: 0.7956] [aver: 0.8545] [metric: G_x_1_sum] 
INFO - --------------------------------------------------------------------------------------------------------------
INFO - epoch 40: [recon: 4.2410e-03] [d2g: 4.2969e-04] [gloss: 4.6707e-03] [best: 0.8556] [time: 2861s]
INFO - slider: [AUC: 0.9149] [pAUC: 0.7962] [aver: 0.8556] [metric: G_x_1_sum] 
INFO - --------------------------------------------------------------------------------------------------------------
INFO - epoch 41: [recon: 4.2456e-03] [d2g: 4.2789e-04] [gloss: 4.6735e-03] [best: 0.8567] [time: 2854s]
INFO - slider: [AUC: 0.9183] [pAUC: 0.7952] [aver: 0.8567] [metric: G_x_1_sum] 
INFO - --------------------------------------------------------------------------------------------------------------
INFO - epoch 42: [recon: 4.2573e-03] [d2g: 4.2323e-04] [gloss: 4.6805e-03] [best: 0.8567] [time: 2858s]
INFO - slider: [AUC: 0.9153] [pAUC: 0.7931] [aver: 0.8542] [metric: G_x_1_sum] 
INFO - --------------------------------------------------------------------------------------------------------------
INFO - epoch 43: [recon: 4.2663e-03] [d2g: 4.1706e-04] [gloss: 4.6834e-03] [best: 0.8567] [time: 2831s]
INFO - slider: [AUC: 0.9159] [pAUC: 0.7949] [aver: 0.8554] [metric: G_x_1_sum] 
INFO - --------------------------------------------------------------------------------------------------------------
INFO - epoch 44: [recon: 4.2783e-03] [d2g: 4.1194e-04] [gloss: 4.6902e-03] [best: 0.8567] [time: 2804s]
INFO - slider: [AUC: 0.9166] [pAUC: 0.7939] [aver: 0.8553] [metric: G_x_1_sum] 
INFO - --------------------------------------------------------------------------------------------------------------
INFO - epoch 45: [recon: 4.2845e-03] [d2g: 4.1112e-04] [gloss: 4.6957e-03] [best: 0.8591] [time: 2810s]
INFO - slider: [AUC: 0.9193] [pAUC: 0.7989] [aver: 0.8591] [metric: G_x_1_sum] 
INFO - --------------------------------------------------------------------------------------------------------------
INFO - epoch 46: [recon: 4.2951e-03] [d2g: 4.0677e-04] [gloss: 4.7019e-03] [best: 0.8591] [time: 2803s]
INFO - slider: [AUC: 0.9219] [pAUC: 0.7956] [aver: 0.8587] [metric: G_x_1_sum] 
INFO - --------------------------------------------------------------------------------------------------------------
INFO - epoch 47: [recon: 4.3008e-03] [d2g: 4.0552e-04] [gloss: 4.7063e-03] [best: 0.8621] [time: 2803s]
INFO - slider: [AUC: 0.9247] [pAUC: 0.7995] [aver: 0.8621] [metric: G_x_1_sum] 
INFO - --------------------------------------------------------------------------------------------------------------
INFO - epoch 48: [recon: 4.3058e-03] [d2g: 4.0443e-04] [gloss: 4.7102e-03] [best: 0.8639] [time: 2808s]
INFO - slider: [AUC: 0.9218] [pAUC: 0.8061] [aver: 0.8639] [metric: G_x_1_min] 
INFO - --------------------------------------------------------------------------------------------------------------
INFO - epoch 49: [recon: 4.3238e-03] [d2g: 3.9539e-04] [gloss: 4.7192e-03] [best: 0.8639] [time: 2802s]
INFO - slider: [AUC: 0.9192] [pAUC: 0.8038] [aver: 0.8615] [metric: G_x_1_min] 
INFO - --------------------------------------------------------------------------------------------------------------
INFO - epoch 50: [recon: 4.3386e-03] [d2g: 3.8793e-04] [gloss: 4.7266e-03] [best: 0.8672] [time: 2811s]
INFO - slider: [AUC: 0.9256] [pAUC: 0.8088] [aver: 0.8672] [metric: G_x_2_min] 
INFO - --------------------------------------------------------------------------------------------------------------
INFO - epoch 51: [recon: 4.3425e-03] [d2g: 3.8925e-04] [gloss: 4.7318e-03] [best: 0.8672] [time: 2809s]
INFO - slider: [AUC: 0.9264] [pAUC: 0.8025] [aver: 0.8644] [metric: G_x_2_min] 
INFO - --------------------------------------------------------------------------------------------------------------
INFO - epoch 52: [recon: 4.3384e-03] [d2g: 3.8664e-04] [gloss: 4.7250e-03] [best: 0.8672] [time: 2823s]
INFO - slider: [AUC: 0.9242] [pAUC: 0.8064] [aver: 0.8653] [metric: G_x_1_min] 
INFO - --------------------------------------------------------------------------------------------------------------
INFO - epoch 53: [recon: 4.3499e-03] [d2g: 3.8567e-04] [gloss: 4.7356e-03] [best: 0.8672] [time: 2961s]
INFO - slider: [AUC: 0.9246] [pAUC: 0.8008] [aver: 0.8627] [metric: G_x_1_min] 
INFO - --------------------------------------------------------------------------------------------------------------
INFO - epoch 54: [recon: 4.3536e-03] [d2g: 3.8721e-04] [gloss: 4.7408e-03] [best: 0.8672] [time: 3012s]
INFO - slider: [AUC: 0.9224] [pAUC: 0.8066] [aver: 0.8645] [metric: G_x_1_min] 
INFO - --------------------------------------------------------------------------------------------------------------
INFO - epoch 55: [recon: 4.3577e-03] [d2g: 3.8349e-04] [gloss: 4.7412e-03] [best: 0.8672] [time: 2975s]
INFO - slider: [AUC: 0.9219] [pAUC: 0.8024] [aver: 0.8622] [metric: G_x_1_min] 
INFO - --------------------------------------------------------------------------------------------------------------
INFO - epoch 56: [recon: 4.3614e-03] [d2g: 3.8219e-04] [gloss: 4.7436e-03] [best: 0.8672] [time: 2951s]
INFO - slider: [AUC: 0.9231] [pAUC: 0.8025] [aver: 0.8628] [metric: G_x_1_min] 
INFO - --------------------------------------------------------------------------------------------------------------
INFO - epoch 57: [recon: 4.3714e-03] [d2g: 3.7634e-04] [gloss: 4.7477e-03] [best: 0.8672] [time: 2970s]
INFO - slider: [AUC: 0.9243] [pAUC: 0.8056] [aver: 0.8650] [metric: G_x_1_min] 
INFO - --------------------------------------------------------------------------------------------------------------
INFO - epoch 58: [recon: 4.3725e-03] [d2g: 3.7303e-04] [gloss: 4.7456e-03] [best: 0.8673] [time: 3037s]
INFO - slider: [AUC: 0.9276] [pAUC: 0.8070] [aver: 0.8673] [metric: G_x_1_min] 
INFO - --------------------------------------------------------------------------------------------------------------
INFO - epoch 59: [recon: 4.3799e-03] [d2g: 3.6762e-04] [gloss: 4.7475e-03] [best: 0.8673] [time: 3029s]
INFO - slider: [AUC: 0.9247] [pAUC: 0.8050] [aver: 0.8649] [metric: G_x_1_min] 
INFO - --------------------------------------------------------------------------------------------------------------
INFO - epoch 60: [recon: 4.3882e-03] [d2g: 3.6157e-04] [gloss: 4.7498e-03] [best: 0.8677] [time: 3122s]
INFO - slider: [AUC: 0.9278] [pAUC: 0.8077] [aver: 0.8677] [metric: G_x_1_min] 
INFO - --------------------------------------------------------------------------------------------------------------
INFO - epoch 61: [recon: 4.3861e-03] [d2g: 3.6053e-04] [gloss: 4.7466e-03] [best: 0.8683] [time: 3207s]
INFO - slider: [AUC: 0.9276] [pAUC: 0.8091] [aver: 0.8683] [metric: G_x_1_min] 
INFO - --------------------------------------------------------------------------------------------------------------
INFO - epoch 62: [recon: 4.3876e-03] [d2g: 3.5721e-04] [gloss: 4.7448e-03] [best: 0.8683] [time: 3041s]
INFO - slider: [AUC: 0.9259] [pAUC: 0.8073] [aver: 0.8666] [metric: G_x_1_min] 
INFO - --------------------------------------------------------------------------------------------------------------
INFO - epoch 63: [recon: 4.3868e-03] [d2g: 3.5538e-04] [gloss: 4.7422e-03] [best: 0.8683] [time: 3009s]
INFO - slider: [AUC: 0.9258] [pAUC: 0.8062] [aver: 0.8660] [metric: G_x_1_min] 
INFO - --------------------------------------------------------------------------------------------------------------
INFO - epoch 64: [recon: 4.3881e-03] [d2g: 3.5514e-04] [gloss: 4.7432e-03] [best: 0.8683] [time: 3015s]
INFO - slider: [AUC: 0.9227] [pAUC: 0.8020] [aver: 0.8624] [metric: G_x_1_min] 
INFO - --------------------------------------------------------------------------------------------------------------
INFO - epoch 65: [recon: 4.3891e-03] [d2g: 3.4994e-04] [gloss: 4.7390e-03] [best: 0.8683] [time: 2996s]
INFO - slider: [AUC: 0.9262] [pAUC: 0.8057] [aver: 0.8659] [metric: G_x_1_min] 
INFO - --------------------------------------------------------------------------------------------------------------
INFO - epoch 66: [recon: 4.3909e-03] [d2g: 3.4748e-04] [gloss: 4.7384e-03] [best: 0.8683] [time: 2947s]
INFO - slider: [AUC: 0.9273] [pAUC: 0.8065] [aver: 0.8669] [metric: G_x_1_min] 
INFO - --------------------------------------------------------------------------------------------------------------
INFO - epoch 67: [recon: 4.3938e-03] [d2g: 3.4231e-04] [gloss: 4.7361e-03] [best: 0.8683] [time: 2974s]
INFO - slider: [AUC: 0.9259] [pAUC: 0.8019] [aver: 0.8639] [metric: G_x_1_min] 
INFO - --------------------------------------------------------------------------------------------------------------
INFO - epoch 68: [recon: 4.4031e-03] [d2g: 3.3744e-04] [gloss: 4.7406e-03] [best: 0.8683] [time: 3070s]
INFO - slider: [AUC: 0.9263] [pAUC: 0.8027] [aver: 0.8645] [metric: G_x_1_min] 
INFO - --------------------------------------------------------------------------------------------------------------
INFO - epoch 69: [recon: 4.3983e-03] [d2g: 3.3563e-04] [gloss: 4.7339e-03] [best: 0.8683] [time: 3158s]
INFO - slider: [AUC: 0.9221] [pAUC: 0.7932] [aver: 0.8577] [metric: G_x_1_min] 
INFO - --------------------------------------------------------------------------------------------------------------
INFO - epoch 70: [recon: 4.4016e-03] [d2g: 3.3257e-04] [gloss: 4.7342e-03] [best: 0.8683] [time: 3098s]
INFO - slider: [AUC: 0.9189] [pAUC: 0.7958] [aver: 0.8573] [metric: G_x_1_min] 
INFO - --------------------------------------------------------------------------------------------------------------
INFO - epoch 71: [recon: 4.3999e-03] [d2g: 3.2957e-04] [gloss: 4.7295e-03] [best: 0.8683] [time: 3067s]
INFO - slider: [AUC: 0.9261] [pAUC: 0.8017] [aver: 0.8639] [metric: G_x_1_min] 
INFO - --------------------------------------------------------------------------------------------------------------
INFO - epoch 72: [recon: 4.3993e-03] [d2g: 3.2912e-04] [gloss: 4.7284e-03] [best: 0.8683] [time: 3074s]
INFO - slider: [AUC: 0.9245] [pAUC: 0.7976] [aver: 0.8610] [metric: G_x_1_min] 
INFO - --------------------------------------------------------------------------------------------------------------
INFO - epoch 73: [recon: 4.3980e-03] [d2g: 3.2558e-04] [gloss: 4.7235e-03] [best: 0.8683] [time: 3084s]
INFO - slider: [AUC: 0.9254] [pAUC: 0.7947] [aver: 0.8601] [metric: G_x_1_min] 
INFO - --------------------------------------------------------------------------------------------------------------
INFO - epoch 74: [recon: 4.3957e-03] [d2g: 3.2526e-04] [gloss: 4.7209e-03] [best: 0.8683] [time: 3149s]
INFO - slider: [AUC: 0.9257] [pAUC: 0.8003] [aver: 0.8630] [metric: G_x_1_min] 
INFO - --------------------------------------------------------------------------------------------------------------
INFO - epoch 75: [recon: 4.3935e-03] [d2g: 3.2253e-04] [gloss: 4.7161e-03] [best: 0.8683] [time: 3114s]
INFO - slider: [AUC: 0.9262] [pAUC: 0.8018] [aver: 0.8640] [metric: G_x_1_min] 
INFO - --------------------------------------------------------------------------------------------------------------
INFO - epoch 76: [recon: 4.3974e-03] [d2g: 3.2104e-04] [gloss: 4.7185e-03] [best: 0.8683] [time: 3086s]
INFO - slider: [AUC: 0.9269] [pAUC: 0.8013] [aver: 0.8641] [metric: G_x_1_min] 
INFO - --------------------------------------------------------------------------------------------------------------
INFO - epoch 77: [recon: 4.4031e-03] [d2g: 3.1764e-04] [gloss: 4.7208e-03] [best: 0.8683] [time: 3088s]
INFO - slider: [AUC: 0.9245] [pAUC: 0.7965] [aver: 0.8605] [metric: G_x_1_min] 
INFO - --------------------------------------------------------------------------------------------------------------
INFO - epoch 78: [recon: 4.3986e-03] [d2g: 3.1759e-04] [gloss: 4.7162e-03] [best: 0.8683] [time: 3087s]
INFO - slider: [AUC: 0.9250] [pAUC: 0.7984] [aver: 0.8617] [metric: G_x_1_min] 
INFO - --------------------------------------------------------------------------------------------------------------
INFO - epoch 79: [recon: 4.3972e-03] [d2g: 3.1578e-04] [gloss: 4.7130e-03] [best: 0.8683] [time: 3216s]
INFO - slider: [AUC: 0.9269] [pAUC: 0.8007] [aver: 0.8638] [metric: G_x_1_min] 
INFO - --------------------------------------------------------------------------------------------------------------
INFO - epoch 80: [recon: 4.3941e-03] [d2g: 3.1528e-04] [gloss: 4.7094e-03] [best: 0.8683] [time: 3202s]
INFO - slider: [AUC: 0.9273] [pAUC: 0.8028] [aver: 0.8651] [metric: G_x_1_min] 
INFO - --------------------------------------------------------------------------------------------------------------
INFO - epoch 81: [recon: 4.3926e-03] [d2g: 3.1254e-04] [gloss: 4.7052e-03] [best: 0.8683] [time: 3139s]
INFO - slider: [AUC: 0.9286] [pAUC: 0.8008] [aver: 0.8647] [metric: G_x_1_min] 
INFO - --------------------------------------------------------------------------------------------------------------
INFO - epoch 82: [recon: 4.3884e-03] [d2g: 3.1469e-04] [gloss: 4.7031e-03] [best: 0.8683] [time: 3108s]
INFO - slider: [AUC: 0.9279] [pAUC: 0.8013] [aver: 0.8646] [metric: G_x_1_min] 
INFO - --------------------------------------------------------------------------------------------------------------
INFO - epoch 83: [recon: 4.3878e-03] [d2g: 3.1260e-04] [gloss: 4.7004e-03] [best: 0.8683] [time: 3114s]
INFO - slider: [AUC: 0.9271] [pAUC: 0.8009] [aver: 0.8640] [metric: G_x_1_min] 
