INFO - Train starts at: 2024-06-28 14:05:40
INFO - Seed: 783
INFO - Train Machine: ['ToyCar']
INFO - Test Machine: ['ToyCar']
INFO - ============== TRAIN CONFIG SUMMARY ==============
INFO - feat: [fft_num: 2048] [mel_bin: 128] [frame_hop: 512] [graph_hop_f: 1] 
INFO - set: [dataset: deval] 
INFO - net: [act: ['leakyrelu', 'relu']] [normalize: {'d': 'ln', 'g': 'ln'}] [nz: 256] [ndf: 32] [ngf: 32] 
INFO - train: [lrD: 0.0002] [lrG: 0.0002] [beta1: 0.5] [batch_size: 512] [epoch: 75] 
INFO - wgan: [feat_match_eff: 1] [match_item: {'mu': 1, 'sigma': 1}] [ncritic: 1] [lambda_gp: 10] 
INFO - ============== MODEL TRAINING ==============
INFO - --------------------------------------------------------------------------------------------------------------
INFO - epoch 0: [recon: 4.1059e-03] [d2g: 6.4864e-04] [gloss: 4.7546e-03] [best: 0.6289] [time: 4875s]
INFO - ToyCar: [AUC: 0.6823] [pAUC: 0.5755] [aver: 0.6289] [metric: G_x_2_min] 
INFO - --------------------------------------------------------------------------------------------------------------
INFO - epoch 1: [recon: 3.1426e-03] [d2g: 5.1448e-04] [gloss: 3.6571e-03] [best: 0.7668] [time: 4839s]
INFO - ToyCar: [AUC: 0.8600] [pAUC: 0.6737] [aver: 0.7668] [metric: G_x_1_min] 
INFO - --------------------------------------------------------------------------------------------------------------
INFO - epoch 2: [recon: 3.0986e-03] [d2g: 4.6750e-04] [gloss: 3.5661e-03] [best: 0.7668] [time: 4837s]
INFO - ToyCar: [AUC: 0.7192] [pAUC: 0.6055] [aver: 0.6624] [metric: G_x_2_min] 
INFO - --------------------------------------------------------------------------------------------------------------
INFO - epoch 3: [recon: 3.5693e-03] [d2g: 5.9482e-04] [gloss: 4.1641e-03] [best: 0.7668] [time: 4863s]
INFO - ToyCar: [AUC: 0.7750] [pAUC: 0.6601] [aver: 0.7176] [metric: G_z_2_sum] 
INFO - --------------------------------------------------------------------------------------------------------------
INFO - epoch 4: [recon: 3.1825e-03] [d2g: 4.0878e-04] [gloss: 3.5913e-03] [best: 0.7668] [time: 4823s]
INFO - ToyCar: [AUC: 0.7290] [pAUC: 0.6092] [aver: 0.6691] [metric: G_x_1_min] 
INFO - --------------------------------------------------------------------------------------------------------------
INFO - epoch 5: [recon: 3.1741e-03] [d2g: 3.5178e-04] [gloss: 3.5259e-03] [best: 0.7668] [time: 4856s]
INFO - ToyCar: [AUC: 0.7176] [pAUC: 0.6018] [aver: 0.6597] [metric: G_x_1_min] 
INFO - --------------------------------------------------------------------------------------------------------------
INFO - epoch 6: [recon: 3.4463e-03] [d2g: 4.8551e-04] [gloss: 3.9318e-03] [best: 0.7668] [time: 4828s]
INFO - ToyCar: [AUC: 0.7477] [pAUC: 0.6446] [aver: 0.6961] [metric: G_x_2_sum] 
INFO - --------------------------------------------------------------------------------------------------------------
INFO - epoch 7: [recon: 3.3013e-03] [d2g: 3.8460e-04] [gloss: 3.6859e-03] [best: 0.7668] [time: 4845s]
INFO - ToyCar: [AUC: 0.7320] [pAUC: 0.6349] [aver: 0.6835] [metric: G_x_2_sum] 
INFO - --------------------------------------------------------------------------------------------------------------
INFO - epoch 8: [recon: 3.2033e-03] [d2g: 3.3139e-04] [gloss: 3.5347e-03] [best: 0.7668] [time: 4859s]
INFO - ToyCar: [AUC: 0.7419] [pAUC: 0.6280] [aver: 0.6850] [metric: G_x_2_sum] 
INFO - --------------------------------------------------------------------------------------------------------------
INFO - epoch 9: [recon: 3.1958e-03] [d2g: 3.1514e-04] [gloss: 3.5110e-03] [best: 0.7668] [time: 4831s]
INFO - ToyCar: [AUC: 0.7955] [pAUC: 0.6660] [aver: 0.7308] [metric: G_x_1_sum] 
INFO - --------------------------------------------------------------------------------------------------------------
INFO - epoch 10: [recon: 3.1920e-03] [d2g: 3.1617e-04] [gloss: 3.5082e-03] [best: 0.7668] [time: 4849s]
INFO - ToyCar: [AUC: 0.7481] [pAUC: 0.6393] [aver: 0.6937] [metric: G_x_2_sum] 
INFO - --------------------------------------------------------------------------------------------------------------
INFO - epoch 11: [recon: 3.1644e-03] [d2g: 3.1058e-04] [gloss: 3.4750e-03] [best: 0.7668] [time: 4854s]
INFO - ToyCar: [AUC: 0.7787] [pAUC: 0.6511] [aver: 0.7149] [metric: G_x_1_sum] 
INFO - --------------------------------------------------------------------------------------------------------------
INFO - epoch 12: [recon: 3.1863e-03] [d2g: 3.1027e-04] [gloss: 3.4965e-03] [best: 0.7668] [time: 4836s]
INFO - ToyCar: [AUC: 0.7889] [pAUC: 0.6730] [aver: 0.7310] [metric: G_x_1_sum] 
INFO - --------------------------------------------------------------------------------------------------------------
INFO - epoch 13: [recon: 3.1822e-03] [d2g: 2.9409e-04] [gloss: 3.4763e-03] [best: 0.7668] [time: 4838s]
INFO - ToyCar: [AUC: 0.7949] [pAUC: 0.6831] [aver: 0.7390] [metric: G_x_1_sum] 
INFO - --------------------------------------------------------------------------------------------------------------
INFO - epoch 14: [recon: 3.1744e-03] [d2g: 2.9124e-04] [gloss: 3.4657e-03] [best: 0.7668] [time: 4868s]
INFO - ToyCar: [AUC: 0.8006] [pAUC: 0.6866] [aver: 0.7436] [metric: G_x_1_sum] 
INFO - --------------------------------------------------------------------------------------------------------------
INFO - epoch 15: [recon: 3.1872e-03] [d2g: 3.0736e-04] [gloss: 3.4946e-03] [best: 0.7668] [time: 4829s]
INFO - ToyCar: [AUC: 0.7721] [pAUC: 0.6619] [aver: 0.7170] [metric: G_x_1_sum] 
INFO - --------------------------------------------------------------------------------------------------------------
INFO - epoch 16: [recon: 3.1450e-03] [d2g: 2.8723e-04] [gloss: 3.4322e-03] [best: 0.7668] [time: 4868s]
INFO - ToyCar: [AUC: 0.7922] [pAUC: 0.6885] [aver: 0.7404] [metric: G_x_1_sum] 
INFO - --------------------------------------------------------------------------------------------------------------
INFO - epoch 17: [recon: 3.1615e-03] [d2g: 2.9729e-04] [gloss: 3.4588e-03] [best: 0.7668] [time: 4847s]
INFO - ToyCar: [AUC: 0.7807] [pAUC: 0.6783] [aver: 0.7295] [metric: G_x_1_sum] 
INFO - --------------------------------------------------------------------------------------------------------------
INFO - epoch 18: [recon: 3.1277e-03] [d2g: 2.9355e-04] [gloss: 3.4213e-03] [best: 0.7668] [time: 4870s]
INFO - ToyCar: [AUC: 0.7485] [pAUC: 0.6627] [aver: 0.7056] [metric: G_x_1_sum] 
INFO - --------------------------------------------------------------------------------------------------------------
INFO - epoch 19: [recon: 3.1136e-03] [d2g: 2.9863e-04] [gloss: 3.4123e-03] [best: 0.7668] [time: 4835s]
INFO - ToyCar: [AUC: 0.7689] [pAUC: 0.6659] [aver: 0.7174] [metric: G_x_1_sum] 
INFO - --------------------------------------------------------------------------------------------------------------
INFO - epoch 20: [recon: 3.1066e-03] [d2g: 3.0225e-04] [gloss: 3.4089e-03] [best: 0.7668] [time: 4839s]
INFO - ToyCar: [AUC: 0.7659] [pAUC: 0.6877] [aver: 0.7268] [metric: G_x_1_sum] 
INFO - --------------------------------------------------------------------------------------------------------------
INFO - epoch 21: [recon: 3.1049e-03] [d2g: 2.9550e-04] [gloss: 3.4004e-03] [best: 0.7668] [time: 4844s]
INFO - ToyCar: [AUC: 0.7546] [pAUC: 0.6768] [aver: 0.7157] [metric: G_x_1_sum] 
INFO - --------------------------------------------------------------------------------------------------------------
INFO - epoch 22: [recon: 3.0902e-03] [d2g: 3.0605e-04] [gloss: 3.3963e-03] [best: 0.7668] [time: 4849s]
INFO - ToyCar: [AUC: 0.7552] [pAUC: 0.6718] [aver: 0.7135] [metric: G_x_1_sum] 
INFO - --------------------------------------------------------------------------------------------------------------
INFO - epoch 23: [recon: 3.0794e-03] [d2g: 3.1063e-04] [gloss: 3.3901e-03] [best: 0.7668] [time: 4849s]
INFO - ToyCar: [AUC: 0.7690] [pAUC: 0.6928] [aver: 0.7309] [metric: G_x_1_sum] 
INFO - --------------------------------------------------------------------------------------------------------------
INFO - epoch 24: [recon: 3.1162e-03] [d2g: 3.3386e-04] [gloss: 3.4501e-03] [best: 0.7668] [time: 4875s]
INFO - ToyCar: [AUC: 0.7620] [pAUC: 0.6871] [aver: 0.7246] [metric: G_x_1_sum] 
INFO - --------------------------------------------------------------------------------------------------------------
INFO - epoch 25: [recon: 3.0637e-03] [d2g: 3.3220e-04] [gloss: 3.3959e-03] [best: 0.7668] [time: 4959s]
INFO - ToyCar: [AUC: 0.7353] [pAUC: 0.6683] [aver: 0.7018] [metric: G_x_1_sum] 
INFO - --------------------------------------------------------------------------------------------------------------
INFO - epoch 26: [recon: 3.0563e-03] [d2g: 3.3457e-04] [gloss: 3.3909e-03] [best: 0.7668] [time: 5017s]
INFO - ToyCar: [AUC: 0.7667] [pAUC: 0.6969] [aver: 0.7318] [metric: G_x_1_sum] 
INFO - --------------------------------------------------------------------------------------------------------------
INFO - epoch 27: [recon: 3.0886e-03] [d2g: 3.5211e-04] [gloss: 3.4408e-03] [best: 0.7668] [time: 4905s]
INFO - ToyCar: [AUC: 0.7436] [pAUC: 0.6717] [aver: 0.7077] [metric: G_x_1_sum] 
INFO - --------------------------------------------------------------------------------------------------------------
INFO - epoch 28: [recon: 3.0672e-03] [d2g: 3.4350e-04] [gloss: 3.4107e-03] [best: 0.7668] [time: 4946s]
INFO - ToyCar: [AUC: 0.7275] [pAUC: 0.6567] [aver: 0.6921] [metric: G_x_1_sum] 
INFO - --------------------------------------------------------------------------------------------------------------
INFO - epoch 29: [recon: 3.0690e-03] [d2g: 3.4077e-04] [gloss: 3.4098e-03] [best: 0.7668] [time: 4959s]
INFO - ToyCar: [AUC: 0.7723] [pAUC: 0.6828] [aver: 0.7276] [metric: G_x_1_sum] 
INFO - --------------------------------------------------------------------------------------------------------------
INFO - epoch 30: [recon: 3.0761e-03] [d2g: 3.4513e-04] [gloss: 3.4213e-03] [best: 0.7668] [time: 5016s]
INFO - ToyCar: [AUC: 0.7578] [pAUC: 0.6717] [aver: 0.7148] [metric: G_x_1_sum] 
INFO - --------------------------------------------------------------------------------------------------------------
INFO - epoch 31: [recon: 3.2135e-03] [d2g: 3.3549e-04] [gloss: 3.5490e-03] [best: 0.7668] [time: 4925s]
INFO - ToyCar: [AUC: 0.7639] [pAUC: 0.6790] [aver: 0.7215] [metric: G_x_2_sum] 
INFO - --------------------------------------------------------------------------------------------------------------
INFO - epoch 32: [recon: 3.1964e-03] [d2g: 3.3262e-04] [gloss: 3.5290e-03] [best: 0.7668] [time: 4950s]
INFO - ToyCar: [AUC: 0.7784] [pAUC: 0.6713] [aver: 0.7249] [metric: G_x_1_sum] 
INFO - --------------------------------------------------------------------------------------------------------------
INFO - epoch 33: [recon: 3.2857e-03] [d2g: 4.0989e-04] [gloss: 3.6956e-03] [best: 0.7668] [time: 4899s]
INFO - ToyCar: [AUC: 0.8062] [pAUC: 0.6863] [aver: 0.7462] [metric: G_x_1_sum] 
INFO - --------------------------------------------------------------------------------------------------------------
INFO - epoch 34: [recon: 3.2686e-03] [d2g: 3.0787e-04] [gloss: 3.5765e-03] [best: 0.7668] [time: 5246s]
INFO - ToyCar: [AUC: 0.8176] [pAUC: 0.7000] [aver: 0.7588] [metric: G_x_1_sum] 
INFO - --------------------------------------------------------------------------------------------------------------
INFO - epoch 35: [recon: 3.2642e-03] [d2g: 3.1732e-04] [gloss: 3.5815e-03] [best: 0.7668] [time: 5047s]
INFO - ToyCar: [AUC: 0.7898] [pAUC: 0.6795] [aver: 0.7346] [metric: G_x_1_sum] 
INFO - --------------------------------------------------------------------------------------------------------------
INFO - epoch 36: [recon: 3.2732e-03] [d2g: 3.1871e-04] [gloss: 3.5919e-03] [best: 0.7668] [time: 4962s]
INFO - ToyCar: [AUC: 0.8022] [pAUC: 0.6858] [aver: 0.7440] [metric: G_x_1_sum] 
INFO - --------------------------------------------------------------------------------------------------------------
INFO - epoch 37: [recon: 3.2801e-03] [d2g: 3.0597e-04] [gloss: 3.5861e-03] [best: 0.7668] [time: 5007s]
INFO - ToyCar: [AUC: 0.7817] [pAUC: 0.6764] [aver: 0.7291] [metric: G_x_1_sum] 
INFO - --------------------------------------------------------------------------------------------------------------
INFO - epoch 38: [recon: 3.2878e-03] [d2g: 3.0480e-04] [gloss: 3.5926e-03] [best: 0.7668] [time: 4881s]
INFO - ToyCar: [AUC: 0.7885] [pAUC: 0.6828] [aver: 0.7356] [metric: G_x_1_sum] 
INFO - --------------------------------------------------------------------------------------------------------------
INFO - epoch 39: [recon: 3.2961e-03] [d2g: 3.0113e-04] [gloss: 3.5972e-03] [best: 0.7668] [time: 4865s]
INFO - ToyCar: [AUC: 0.7815] [pAUC: 0.6743] [aver: 0.7279] [metric: G_x_1_sum] 
INFO - --------------------------------------------------------------------------------------------------------------
INFO - epoch 40: [recon: 3.3094e-03] [d2g: 3.0778e-04] [gloss: 3.6172e-03] [best: 0.7668] [time: 4887s]
INFO - ToyCar: [AUC: 0.8050] [pAUC: 0.6932] [aver: 0.7491] [metric: G_x_1_sum] 
INFO - --------------------------------------------------------------------------------------------------------------
INFO - epoch 41: [recon: 3.3072e-03] [d2g: 2.9155e-04] [gloss: 3.5987e-03] [best: 0.7668] [time: 4870s]
INFO - ToyCar: [AUC: 0.7882] [pAUC: 0.6780] [aver: 0.7331] [metric: G_x_1_sum] 
INFO - --------------------------------------------------------------------------------------------------------------
INFO - epoch 42: [recon: 3.3094e-03] [d2g: 2.8882e-04] [gloss: 3.5982e-03] [best: 0.7668] [time: 4855s]
INFO - ToyCar: [AUC: 0.7783] [pAUC: 0.6723] [aver: 0.7253] [metric: G_x_1_sum] 
INFO - --------------------------------------------------------------------------------------------------------------
INFO - epoch 43: [recon: 3.3098e-03] [d2g: 3.0264e-04] [gloss: 3.6124e-03] [best: 0.7668] [time: 4875s]
INFO - ToyCar: [AUC: 0.7722] [pAUC: 0.6643] [aver: 0.7183] [metric: G_x_1_sum] 
INFO - --------------------------------------------------------------------------------------------------------------
INFO - epoch 44: [recon: 3.3071e-03] [d2g: 2.8391e-04] [gloss: 3.5910e-03] [best: 0.7668] [time: 4847s]
INFO - ToyCar: [AUC: 0.7873] [pAUC: 0.6693] [aver: 0.7283] [metric: G_x_1_sum] 
INFO - --------------------------------------------------------------------------------------------------------------
INFO - epoch 45: [recon: 3.2993e-03] [d2g: 2.8776e-04] [gloss: 3.5870e-03] [best: 0.7668] [time: 4852s]
INFO - ToyCar: [AUC: 0.7828] [pAUC: 0.6749] [aver: 0.7289] [metric: G_x_1_sum] 
INFO - --------------------------------------------------------------------------------------------------------------
INFO - epoch 46: [recon: 3.3017e-03] [d2g: 2.8854e-04] [gloss: 3.5902e-03] [best: 0.7668] [time: 4938s]
INFO - ToyCar: [AUC: 0.7893] [pAUC: 0.6723] [aver: 0.7308] [metric: G_x_1_sum] 
INFO - --------------------------------------------------------------------------------------------------------------
INFO - epoch 47: [recon: 3.3031e-03] [d2g: 2.7507e-04] [gloss: 3.5782e-03] [best: 0.7668] [time: 4942s]
INFO - ToyCar: [AUC: 0.8020] [pAUC: 0.6825] [aver: 0.7423] [metric: G_x_1_sum] 
INFO - --------------------------------------------------------------------------------------------------------------
INFO - epoch 48: [recon: 3.2968e-03] [d2g: 2.7518e-04] [gloss: 3.5719e-03] [best: 0.7668] [time: 4892s]
INFO - ToyCar: [AUC: 0.7871] [pAUC: 0.6752] [aver: 0.7311] [metric: G_x_1_sum] 
INFO - --------------------------------------------------------------------------------------------------------------
INFO - epoch 49: [recon: 3.3018e-03] [d2g: 2.8218e-04] [gloss: 3.5839e-03] [best: 0.7668] [time: 4893s]
INFO - ToyCar: [AUC: 0.7873] [pAUC: 0.6769] [aver: 0.7321] [metric: G_x_1_sum] 
INFO - --------------------------------------------------------------------------------------------------------------
INFO - epoch 50: [recon: 3.3065e-03] [d2g: 2.9222e-04] [gloss: 3.5987e-03] [best: 0.7668] [time: 4893s]
INFO - ToyCar: [AUC: 0.7839] [pAUC: 0.6708] [aver: 0.7273] [metric: G_x_1_sum] 
INFO - --------------------------------------------------------------------------------------------------------------
INFO - epoch 51: [recon: 3.3025e-03] [d2g: 2.8170e-04] [gloss: 3.5842e-03] [best: 0.7668] [time: 4971s]
INFO - ToyCar: [AUC: 0.7785] [pAUC: 0.6587] [aver: 0.7186] [metric: G_x_1_sum] 
INFO - --------------------------------------------------------------------------------------------------------------
INFO - epoch 52: [recon: 3.2986e-03] [d2g: 2.8225e-04] [gloss: 3.5808e-03] [best: 0.7668] [time: 4813s]
INFO - ToyCar: [AUC: 0.7755] [pAUC: 0.6590] [aver: 0.7173] [metric: G_x_1_sum] 
INFO - --------------------------------------------------------------------------------------------------------------
INFO - epoch 53: [recon: 3.2859e-03] [d2g: 2.8309e-04] [gloss: 3.5690e-03] [best: 0.7668] [time: 4922s]
INFO - ToyCar: [AUC: 0.7601] [pAUC: 0.6664] [aver: 0.7133] [metric: G_x_1_sum] 
INFO - --------------------------------------------------------------------------------------------------------------
INFO - epoch 54: [recon: 3.2751e-03] [d2g: 2.8213e-04] [gloss: 3.5572e-03] [best: 0.7668] [time: 4913s]
INFO - ToyCar: [AUC: 0.7599] [pAUC: 0.6695] [aver: 0.7147] [metric: G_x_1_sum] 
INFO - --------------------------------------------------------------------------------------------------------------
INFO - epoch 55: [recon: 3.2767e-03] [d2g: 2.8375e-04] [gloss: 3.5604e-03] [best: 0.7668] [time: 4894s]
INFO - ToyCar: [AUC: 0.7590] [pAUC: 0.6574] [aver: 0.7082] [metric: G_x_1_sum] 
INFO - --------------------------------------------------------------------------------------------------------------
INFO - epoch 56: [recon: 3.2860e-03] [d2g: 2.9277e-04] [gloss: 3.5787e-03] [best: 0.7668] [time: 4957s]
INFO - ToyCar: [AUC: 0.7551] [pAUC: 0.6433] [aver: 0.6992] [metric: G_x_1_sum] 
INFO - --------------------------------------------------------------------------------------------------------------
INFO - epoch 57: [recon: 3.2848e-03] [d2g: 2.7169e-04] [gloss: 3.5565e-03] [best: 0.7668] [time: 4963s]
INFO - ToyCar: [AUC: 0.7641] [pAUC: 0.6491] [aver: 0.7066] [metric: G_x_1_sum] 
INFO - --------------------------------------------------------------------------------------------------------------
INFO - epoch 58: [recon: 3.2821e-03] [d2g: 2.7039e-04] [gloss: 3.5524e-03] [best: 0.7668] [time: 4941s]
INFO - ToyCar: [AUC: 0.7679] [pAUC: 0.6443] [aver: 0.7061] [metric: G_x_1_sum] 
INFO - --------------------------------------------------------------------------------------------------------------
INFO - epoch 59: [recon: 3.2799e-03] [d2g: 2.6552e-04] [gloss: 3.5454e-03] [best: 0.7668] [time: 4844s]
INFO - ToyCar: [AUC: 0.7645] [pAUC: 0.6441] [aver: 0.7043] [metric: G_x_1_sum] 
INFO - --------------------------------------------------------------------------------------------------------------
INFO - epoch 60: [recon: 3.2927e-03] [d2g: 2.7909e-04] [gloss: 3.5718e-03] [best: 0.7668] [time: 4843s]
INFO - ToyCar: [AUC: 0.7621] [pAUC: 0.6405] [aver: 0.7013] [metric: G_x_1_sum] 
INFO - --------------------------------------------------------------------------------------------------------------
INFO - epoch 61: [recon: 3.2821e-03] [d2g: 2.6276e-04] [gloss: 3.5449e-03] [best: 0.7668] [time: 4831s]
INFO - ToyCar: [AUC: 0.7616] [pAUC: 0.6452] [aver: 0.7034] [metric: G_x_1_sum] 
INFO - --------------------------------------------------------------------------------------------------------------
INFO - epoch 62: [recon: 3.2811e-03] [d2g: 2.5879e-04] [gloss: 3.5398e-03] [best: 0.7668] [time: 4858s]
INFO - ToyCar: [AUC: 0.7633] [pAUC: 0.6386] [aver: 0.7010] [metric: G_x_1_sum] 
INFO - --------------------------------------------------------------------------------------------------------------
INFO - epoch 63: [recon: 3.2799e-03] [d2g: 2.5501e-04] [gloss: 3.5349e-03] [best: 0.7668] [time: 4850s]
INFO - ToyCar: [AUC: 0.7542] [pAUC: 0.6442] [aver: 0.6992] [metric: G_x_1_sum] 
INFO - --------------------------------------------------------------------------------------------------------------
INFO - epoch 64: [recon: 3.2801e-03] [d2g: 2.5338e-04] [gloss: 3.5335e-03] [best: 0.7668] [time: 4834s]
INFO - ToyCar: [AUC: 0.7623] [pAUC: 0.6341] [aver: 0.6982] [metric: G_x_1_sum] 
INFO - --------------------------------------------------------------------------------------------------------------
INFO - epoch 65: [recon: 3.2868e-03] [d2g: 2.6155e-04] [gloss: 3.5483e-03] [best: 0.7668] [time: 4829s]
INFO - ToyCar: [AUC: 0.7760] [pAUC: 0.6518] [aver: 0.7139] [metric: G_x_1_sum] 
INFO - --------------------------------------------------------------------------------------------------------------
INFO - epoch 66: [recon: 3.2841e-03] [d2g: 2.4243e-04] [gloss: 3.5265e-03] [best: 0.7668] [time: 4823s]
INFO - ToyCar: [AUC: 0.7563] [pAUC: 0.6408] [aver: 0.6986] [metric: G_x_1_sum] 
INFO - --------------------------------------------------------------------------------------------------------------
INFO - epoch 67: [recon: 3.2858e-03] [d2g: 2.4584e-04] [gloss: 3.5317e-03] [best: 0.7668] [time: 4898s]
INFO - ToyCar: [AUC: 0.7416] [pAUC: 0.6250] [aver: 0.6833] [metric: G_x_1_sum] 
INFO - --------------------------------------------------------------------------------------------------------------
INFO - epoch 68: [recon: 3.2825e-03] [d2g: 2.4542e-04] [gloss: 3.5279e-03] [best: 0.7668] [time: 4893s]
INFO - ToyCar: [AUC: 0.7691] [pAUC: 0.6531] [aver: 0.7111] [metric: G_x_1_sum] 
INFO - --------------------------------------------------------------------------------------------------------------
INFO - epoch 69: [recon: 3.2774e-03] [d2g: 2.4482e-04] [gloss: 3.5223e-03] [best: 0.7668] [time: 4821s]
INFO - ToyCar: [AUC: 0.7501] [pAUC: 0.6214] [aver: 0.6858] [metric: G_x_1_sum] 
INFO - --------------------------------------------------------------------------------------------------------------
INFO - epoch 70: [recon: 3.2778e-03] [d2g: 2.5793e-04] [gloss: 3.5357e-03] [best: 0.7668] [time: 4871s]
INFO - ToyCar: [AUC: 0.7504] [pAUC: 0.6430] [aver: 0.6967] [metric: G_x_1_sum] 
INFO - --------------------------------------------------------------------------------------------------------------
INFO - epoch 71: [recon: 3.2747e-03] [d2g: 2.4351e-04] [gloss: 3.5182e-03] [best: 0.7668] [time: 4882s]
INFO - ToyCar: [AUC: 0.7515] [pAUC: 0.6273] [aver: 0.6894] [metric: G_x_1_sum] 
INFO - --------------------------------------------------------------------------------------------------------------
INFO - epoch 72: [recon: 3.2703e-03] [d2g: 2.4101e-04] [gloss: 3.5113e-03] [best: 0.7668] [time: 4864s]
INFO - ToyCar: [AUC: 0.7603] [pAUC: 0.6421] [aver: 0.7012] [metric: G_x_1_sum] 
INFO - --------------------------------------------------------------------------------------------------------------
INFO - epoch 73: [recon: 3.2661e-03] [d2g: 2.3889e-04] [gloss: 3.5050e-03] [best: 0.7668] [time: 4943s]
INFO - ToyCar: [AUC: 0.7539] [pAUC: 0.6293] [aver: 0.6916] [metric: G_x_1_sum] 
INFO - --------------------------------------------------------------------------------------------------------------
INFO - epoch 74: [recon: 3.2612e-03] [d2g: 2.3968e-04] [gloss: 3.5009e-03] [best: 0.7668] [time: 4915s]
INFO - ToyCar: [AUC: 0.7501] [pAUC: 0.6276] [aver: 0.6889] [metric: G_x_1_sum] 
